{
  "C:/Users/Julia/Desktop/Project/React/src/store/api.ts": {
    "path": "C:/Users/Julia/Desktop/Project/React/src/store/api.ts",
    "statementMap": {
      "0": {
        "start": {
          "line": 2,
          "column": 16
        },
        "end": {
          "line": 2,
          "column": 46
        }
      },
      "1": {
        "start": {
          "line": 3,
          "column": 12
        },
        "end": {
          "line": 3,
          "column": 83
        }
      },
      "2": {
        "start": {
          "line": 4,
          "column": 19
        },
        "end": {
          "line": 26,
          "column": 2
        }
      },
      "3": {
        "start": {
          "line": 10,
          "column": 27
        },
        "end": {
          "line": 25,
          "column": 3
        }
      },
      "4": {
        "start": {
          "line": 12,
          "column": 24
        },
        "end": {
          "line": 12,
          "column": 86
        }
      },
      "5": {
        "start": {
          "line": 13,
          "column": 26
        },
        "end": {
          "line": 17,
          "column": 7
        }
      },
      "6": {
        "start": {
          "line": 20,
          "column": 21
        },
        "end": {
          "line": 20,
          "column": 51
        }
      },
      "7": {
        "start": {
          "line": 23,
          "column": 21
        },
        "end": {
          "line": 23,
          "column": 60
        }
      },
      "8": {
        "start": {
          "line": 27,
          "column": 72
        },
        "end": {
          "line": 27,
          "column": 75
        }
      }
    },
    "fnMap": {
      "0": {
        "name": "(anonymous_0)",
        "decl": {
          "start": {
            "line": 10,
            "column": 13
          },
          "end": {
            "line": 10,
            "column": 14
          }
        },
        "loc": {
          "start": {
            "line": 10,
            "column": 27
          },
          "end": {
            "line": 25,
            "column": 3
          }
        },
        "line": 10
      },
      "1": {
        "name": "(anonymous_1)",
        "decl": {
          "start": {
            "line": 12,
            "column": 13
          },
          "end": {
            "line": 12,
            "column": 14
          }
        },
        "loc": {
          "start": {
            "line": 12,
            "column": 24
          },
          "end": {
            "line": 12,
            "column": 86
          }
        },
        "line": 12
      },
      "2": {
        "name": "(anonymous_2)",
        "decl": {
          "start": {
            "line": 13,
            "column": 20
          },
          "end": {
            "line": 13,
            "column": 21
          }
        },
        "loc": {
          "start": {
            "line": 13,
            "column": 26
          },
          "end": {
            "line": 17,
            "column": 7
          }
        },
        "line": 13
      },
      "3": {
        "name": "(anonymous_3)",
        "decl": {
          "start": {
            "line": 20,
            "column": 13
          },
          "end": {
            "line": 20,
            "column": 14
          }
        },
        "loc": {
          "start": {
            "line": 20,
            "column": 21
          },
          "end": {
            "line": 20,
            "column": 51
          }
        },
        "line": 20
      },
      "4": {
        "name": "(anonymous_4)",
        "decl": {
          "start": {
            "line": 23,
            "column": 13
          },
          "end": {
            "line": 23,
            "column": 14
          }
        },
        "loc": {
          "start": {
            "line": 23,
            "column": 21
          },
          "end": {
            "line": 23,
            "column": 60
          }
        },
        "line": 23
      }
    },
    "branchMap": {
      "0": {
        "loc": {
          "start": {
            "line": 12,
            "column": 24
          },
          "end": {
            "line": 12,
            "column": 86
          }
        },
        "type": "cond-expr",
        "locations": [
          {
            "start": {
              "line": 12,
              "column": 32
            },
            "end": {
              "line": 12,
              "column": 59
            }
          },
          {
            "start": {
              "line": 12,
              "column": 62
            },
            "end": {
              "line": 12,
              "column": 86
            }
          }
        ],
        "line": 12
      }
    },
    "s": {
      "0": 72,
      "1": 72,
      "2": 72,
      "3": 72,
      "4": 74,
      "5": 16,
      "6": 0,
      "7": 938,
      "8": 72
    },
    "f": {
      "0": 72,
      "1": 74,
      "2": 16,
      "3": 0,
      "4": 938
    },
    "b": {
      "0": [
        24,
        50
      ]
    },
    "inputSourceMap": {
      "version": 3,
      "sources": [
        "C:/Users/Julia/Desktop/Project/React/src/store/api.ts"
      ],
      "mappings": "AAAA,SAAS,WAAW,sBAAsB;AAG1C,MAAM,UAAU;AAChB,MAAM,MAAM;AAEL,aAAM,MAAM,UAAU;AAAA,EAC3B,aAAa;AAAA,EACb,UAAU,CAAC,QAAQ;AAAA,EACnB,WAAW,eAAe;AAAA,IACxB,SAAS;AAAA,EACX,CAAC;AAAA,EACD,WAAW,CAAC,aAAa;AAAA,IACvB,WAAW,QAAQ,MAAsB;AAAA,MACvC,OAAO,CAAC,UAAW,QAAQ,oBAAoB,UAAU,mBAAmB;AAAA,MAC5E,cAAc,MAAM;AAAA,QAClB;AAAA,UACE,MAAM;AAAA,QACR;AAAA,MACF;AAAA,IACF,CAAC;AAAA,IACD,SAAS,QAAQ,MAAwB;AAAA,MACvC,OAAO,CAAC,OAAO,WAAW,cAAc;AAAA,IAC1C,CAAC;AAAA,IACD,UAAU,QAAQ,MAA0B;AAAA,MAC1C,OAAO,CAAC,OAAO,2BAA2B;AAAA,IAC5C,CAAC;AAAA,EACH;AACF,CAAC;AAEM,aAAM,EAAE,mBAAmB,iBAAiB,iBAAiB,IAAI;",
      "names": []
    },
    "_coverageSchema": "1a1c01bbd47fc00a2c39e90264f33305004495a9",
    "hash": "79c60620605e5cc286860b3e13465953283e2b28"
  },
  "C:/Users/Julia/Desktop/Project/React/src/hooks/hooks.ts": {
    "path": "C:/Users/Julia/Desktop/Project/React/src/hooks/hooks.ts",
    "statementMap": {
      "0": {
        "start": {
          "line": 2,
          "column": 30
        },
        "end": {
          "line": 2,
          "column": 49
        }
      },
      "1": {
        "start": {
          "line": 2,
          "column": 36
        },
        "end": {
          "line": 2,
          "column": 49
        }
      },
      "2": {
        "start": {
          "line": 3,
          "column": 32
        },
        "end": {
          "line": 3,
          "column": 43
        }
      }
    },
    "fnMap": {
      "0": {
        "name": "(anonymous_0)",
        "decl": {
          "start": {
            "line": 2,
            "column": 30
          },
          "end": {
            "line": 2,
            "column": 31
          }
        },
        "loc": {
          "start": {
            "line": 2,
            "column": 36
          },
          "end": {
            "line": 2,
            "column": 49
          }
        },
        "line": 2
      }
    },
    "branchMap": {},
    "s": {
      "0": 72,
      "1": 564,
      "2": 72
    },
    "f": {
      "0": 564
    },
    "b": {},
    "inputSourceMap": {
      "version": 3,
      "sources": [
        "C:/Users/Julia/Desktop/Project/React/src/hooks/hooks.ts"
      ],
      "mappings": "AAAA,SAA+B,aAAa,mBAAmB;AAGxD,aAAM,iBAAiB,MAAM,YAAyB;AACtD,aAAM,mBAAoD;",
      "names": []
    },
    "_coverageSchema": "1a1c01bbd47fc00a2c39e90264f33305004495a9",
    "hash": "a918659c5efdb258779c003c47cbf48a4115a9ac"
  },
  "C:/Users/Julia/Desktop/Project/React/src/store/cardSlice.ts": {
    "path": "C:/Users/Julia/Desktop/Project/React/src/store/cardSlice.ts",
    "statementMap": {
      "0": {
        "start": {
          "line": 2,
          "column": 21
        },
        "end": {
          "line": 6,
          "column": 1
        }
      },
      "1": {
        "start": {
          "line": 7,
          "column": 18
        },
        "end": {
          "line": 19,
          "column": 2
        }
      },
      "2": {
        "start": {
          "line": 12,
          "column": 6
        },
        "end": {
          "line": 12,
          "column": 45
        }
      },
      "3": {
        "start": {
          "line": 13,
          "column": 6
        },
        "end": {
          "line": 13,
          "column": 55
        }
      },
      "4": {
        "start": {
          "line": 16,
          "column": 6
        },
        "end": {
          "line": 16,
          "column": 35
        }
      },
      "5": {
        "start": {
          "line": 20,
          "column": 47
        },
        "end": {
          "line": 20,
          "column": 64
        }
      }
    },
    "fnMap": {
      "0": {
        "name": "(anonymous_0)",
        "decl": {
          "start": {
            "line": 11,
            "column": 17
          },
          "end": {
            "line": 11,
            "column": 18
          }
        },
        "loc": {
          "start": {
            "line": 11,
            "column": 36
          },
          "end": {
            "line": 14,
            "column": 5
          }
        },
        "line": 11
      },
      "1": {
        "name": "(anonymous_1)",
        "decl": {
          "start": {
            "line": 15,
            "column": 20
          },
          "end": {
            "line": 15,
            "column": 21
          }
        },
        "loc": {
          "start": {
            "line": 15,
            "column": 39
          },
          "end": {
            "line": 17,
            "column": 5
          }
        },
        "line": 15
      }
    },
    "branchMap": {},
    "s": {
      "0": 72,
      "1": 72,
      "2": 0,
      "3": 0,
      "4": 24,
      "5": 72
    },
    "f": {
      "0": 0,
      "1": 24
    },
    "b": {},
    "inputSourceMap": {
      "version": 3,
      "sources": [
        "C:/Users/Julia/Desktop/Project/React/src/store/cardSlice.ts"
      ],
      "mappings": "AAAA,SAAS,mBAAkC;AAQ3C,MAAM,eAA0B;AAAA,EAC9B,SAAS;AAAA,EACT,OAAO;AAAA,EACP,cAAc;AAChB;AAEA,MAAM,YAAY,YAAY;AAAA,EAC5B,MAAM;AAAA,EACN;AAAA,EACA,UAAU;AAAA,IACR,aAAa,CAAC,OAAO,WAAsE;AACzF,YAAM,UAAU,OAAO,QAAQ;AAC/B,YAAM,eAAe,OAAO,QAAQ;AAAA,IACtC;AAAA,IACA,gBAAgB,CAAC,OAAO,WAAkC;AACxD,YAAM,QAAQ,OAAO;AAAA,IACvB;AAAA,EACF;AACF,CAAC;AAEM,aAAM,EAAE,aAAa,eAAe,IAAI,UAAU;AAEzD,eAAe,UAAU;",
      "names": []
    },
    "_coverageSchema": "1a1c01bbd47fc00a2c39e90264f33305004495a9",
    "hash": "677cf43d71df7e402d210ca193ffee7ed420da7f"
  },
  "C:/Users/Julia/Desktop/Project/React/src/types/types.ts": {
    "path": "C:/Users/Julia/Desktop/Project/React/src/types/types.ts",
    "statementMap": {
      "0": {
        "start": {
          "line": 1,
          "column": 39
        },
        "end": {
          "line": 10,
          "column": 19
        }
      },
      "1": {
        "start": {
          "line": 2,
          "column": 2
        },
        "end": {
          "line": 2,
          "column": 49
        }
      },
      "2": {
        "start": {
          "line": 3,
          "column": 2
        },
        "end": {
          "line": 3,
          "column": 80
        }
      },
      "3": {
        "start": {
          "line": 4,
          "column": 2
        },
        "end": {
          "line": 4,
          "column": 47
        }
      },
      "4": {
        "start": {
          "line": 5,
          "column": 2
        },
        "end": {
          "line": 5,
          "column": 53
        }
      },
      "5": {
        "start": {
          "line": 6,
          "column": 2
        },
        "end": {
          "line": 6,
          "column": 62
        }
      },
      "6": {
        "start": {
          "line": 7,
          "column": 2
        },
        "end": {
          "line": 7,
          "column": 45
        }
      },
      "7": {
        "start": {
          "line": 8,
          "column": 2
        },
        "end": {
          "line": 8,
          "column": 41
        }
      },
      "8": {
        "start": {
          "line": 9,
          "column": 2
        },
        "end": {
          "line": 9,
          "column": 20
        }
      },
      "9": {
        "start": {
          "line": 11,
          "column": 39
        },
        "end": {
          "line": 16,
          "column": 19
        }
      },
      "10": {
        "start": {
          "line": 12,
          "column": 2
        },
        "end": {
          "line": 12,
          "column": 34
        }
      },
      "11": {
        "start": {
          "line": 13,
          "column": 2
        },
        "end": {
          "line": 13,
          "column": 32
        }
      },
      "12": {
        "start": {
          "line": 14,
          "column": 2
        },
        "end": {
          "line": 14,
          "column": 34
        }
      },
      "13": {
        "start": {
          "line": 15,
          "column": 2
        },
        "end": {
          "line": 15,
          "column": 20
        }
      }
    },
    "fnMap": {
      "0": {
        "name": "(anonymous_0)",
        "decl": {
          "start": {
            "line": 1,
            "column": 40
          },
          "end": {
            "line": 1,
            "column": 41
          }
        },
        "loc": {
          "start": {
            "line": 1,
            "column": 56
          },
          "end": {
            "line": 10,
            "column": 1
          }
        },
        "line": 1
      },
      "1": {
        "name": "(anonymous_1)",
        "decl": {
          "start": {
            "line": 11,
            "column": 40
          },
          "end": {
            "line": 11,
            "column": 41
          }
        },
        "loc": {
          "start": {
            "line": 11,
            "column": 56
          },
          "end": {
            "line": 16,
            "column": 1
          }
        },
        "line": 11
      }
    },
    "branchMap": {
      "0": {
        "loc": {
          "start": {
            "line": 10,
            "column": 3
          },
          "end": {
            "line": 10,
            "column": 18
          }
        },
        "type": "binary-expr",
        "locations": [
          {
            "start": {
              "line": 10,
              "column": 3
            },
            "end": {
              "line": 10,
              "column": 12
            }
          },
          {
            "start": {
              "line": 10,
              "column": 16
            },
            "end": {
              "line": 10,
              "column": 18
            }
          }
        ],
        "line": 10
      },
      "1": {
        "loc": {
          "start": {
            "line": 16,
            "column": 3
          },
          "end": {
            "line": 16,
            "column": 18
          }
        },
        "type": "binary-expr",
        "locations": [
          {
            "start": {
              "line": 16,
              "column": 3
            },
            "end": {
              "line": 16,
              "column": 12
            }
          },
          {
            "start": {
              "line": 16,
              "column": 16
            },
            "end": {
              "line": 16,
              "column": 18
            }
          }
        ],
        "line": 16
      }
    },
    "s": {
      "0": 72,
      "1": 72,
      "2": 72,
      "3": 72,
      "4": 72,
      "5": 72,
      "6": 72,
      "7": 72,
      "8": 72,
      "9": 72,
      "10": 72,
      "11": 72,
      "12": 72,
      "13": 72
    },
    "f": {
      "0": 72,
      "1": 72
    },
    "b": {
      "0": [
        72,
        72
      ],
      "1": [
        72,
        72
      ]
    },
    "inputSourceMap": {
      "version": 3,
      "sources": [
        "C:/Users/Julia/Desktop/Project/React/src/types/types.ts"
      ],
      "mappings": "AAAO,WAAK,YAAL,kBAAKA,eAAL;AACL,EAAAA,WAAA,WAAQ;AACR,EAAAA,WAAA,UAAO;AACP,EAAAA,WAAA,aAAU;AACV,EAAAA,WAAA,cAAW;AACX,EAAAA,WAAA,WAAQ;AACR,EAAAA,WAAA,YAAS;AACT,EAAAA,WAAA,WAAQ;AAPE,SAAAA;AAAA,GAAA;AAUL,WAAK,YAAL,kBAAKC,eAAL;AACL,EAAAA,WAAA,YAAS;AACT,EAAAA,WAAA,WAAQ;AACR,EAAAA,WAAA,YAAS;AAHC,SAAAA;AAAA,GAAA;",
      "names": [
        "ErrorName",
        "Countries"
      ]
    },
    "_coverageSchema": "1a1c01bbd47fc00a2c39e90264f33305004495a9",
    "hash": "27fb38d64db03a47f610a7d14b2c297a282186f5"
  },
  "C:/Users/Julia/Desktop/Project/React/src/store/formListSlice.ts": {
    "path": "C:/Users/Julia/Desktop/Project/React/src/store/formListSlice.ts",
    "statementMap": {
      "0": {
        "start": {
          "line": 2,
          "column": 21
        },
        "end": {
          "line": 5,
          "column": 1
        }
      },
      "1": {
        "start": {
          "line": 6,
          "column": 22
        },
        "end": {
          "line": 17,
          "column": 2
        }
      },
      "2": {
        "start": {
          "line": 11,
          "column": 6
        },
        "end": {
          "line": 11,
          "column": 38
        }
      },
      "3": {
        "start": {
          "line": 14,
          "column": 6
        },
        "end": {
          "line": 14,
          "column": 41
        }
      },
      "4": {
        "start": {
          "line": 18,
          "column": 39
        },
        "end": {
          "line": 18,
          "column": 60
        }
      }
    },
    "fnMap": {
      "0": {
        "name": "(anonymous_0)",
        "decl": {
          "start": {
            "line": 10,
            "column": 14
          },
          "end": {
            "line": 10,
            "column": 15
          }
        },
        "loc": {
          "start": {
            "line": 10,
            "column": 33
          },
          "end": {
            "line": 12,
            "column": 5
          }
        },
        "line": 10
      },
      "1": {
        "name": "(anonymous_1)",
        "decl": {
          "start": {
            "line": 13,
            "column": 15
          },
          "end": {
            "line": 13,
            "column": 16
          }
        },
        "loc": {
          "start": {
            "line": 13,
            "column": 34
          },
          "end": {
            "line": 15,
            "column": 5
          }
        },
        "line": 13
      }
    },
    "branchMap": {},
    "s": {
      "0": 72,
      "1": 72,
      "2": 14,
      "3": 14,
      "4": 72
    },
    "f": {
      "0": 14,
      "1": 14
    },
    "b": {},
    "inputSourceMap": {
      "version": 3,
      "sources": [
        "C:/Users/Julia/Desktop/Project/React/src/store/formListSlice.ts"
      ],
      "mappings": "AAAA,SAAS,mBAAkC;AAQ3C,MAAM,eAAyB;AAAA,EAC7B,MAAM,CAAC;AAAA,EACP,aAAa;AACf;AAEA,MAAM,gBAAgB,YAAY;AAAA,EAChC,MAAM;AAAA,EACN;AAAA,EACA,UAAU;AAAA,IACR,UAAU,CAAC,OAAO,WAAqC;AACrD,YAAM,KAAK,KAAK,OAAO,OAAO;AAAA,IAChC;AAAA,IACA,WAAW,CAAC,OAAO,WAAmC;AACpD,YAAM,cAAc,OAAO;AAAA,IAC7B;AAAA,EACF;AACF,CAAC;AAEM,aAAM,EAAE,UAAU,UAAU,IAAI,cAAc;AAErD,eAAe,cAAc;",
      "names": []
    },
    "_coverageSchema": "1a1c01bbd47fc00a2c39e90264f33305004495a9",
    "hash": "47e2f7f936b5d4ea0f314ad44baaf33aac27271f"
  },
  "C:/Users/Julia/Desktop/Project/React/src/store/store.ts": {
    "path": "C:/Users/Julia/Desktop/Project/React/src/store/store.ts",
    "statementMap": {
      "0": {
        "start": {
          "line": 5,
          "column": 14
        },
        "end": {
          "line": 12,
          "column": 2
        }
      },
      "1": {
        "start": {
          "line": 11,
          "column": 40
        },
        "end": {
          "line": 11,
          "column": 85
        }
      }
    },
    "fnMap": {
      "0": {
        "name": "(anonymous_0)",
        "decl": {
          "start": {
            "line": 11,
            "column": 14
          },
          "end": {
            "line": 11,
            "column": 15
          }
        },
        "loc": {
          "start": {
            "line": 11,
            "column": 40
          },
          "end": {
            "line": 11,
            "column": 85
          }
        },
        "line": 11
      }
    },
    "branchMap": {},
    "s": {
      "0": 72,
      "1": 72
    },
    "f": {
      "0": 72
    },
    "b": {},
    "inputSourceMap": {
      "version": 3,
      "sources": [
        "C:/Users/Julia/Desktop/Project/React/src/store/store.ts"
      ],
      "mappings": "AAAA,SAAS,sBAAsB;AAC/B,SAAS,WAAW;AACpB,OAAO,sBAAsB;AAC7B,OAAO,0BAA0B;AAEjC,MAAM,QAAQ,eAAe;AAAA,EAC3B,SAAS;AAAA,IACP,WAAW;AAAA,IACX,UAAU;AAAA,IACV,CAAC,IAAI,WAAW,GAAG,IAAI;AAAA,EACzB;AAAA,EACA,YAAY,CAAC,yBAAyB,qBAAqB,EAAE,OAAO,IAAI,UAAU;AACpF,CAAC;AAED,eAAe;",
      "names": []
    },
    "_coverageSchema": "1a1c01bbd47fc00a2c39e90264f33305004495a9",
    "hash": "ae836ecca2e72cb47c8383f6aac6e151f0876e4f"
  },
  "C:/Users/Julia/Desktop/Project/React/src/pages/about/About.tsx": {
    "path": "C:/Users/Julia/Desktop/Project/React/src/pages/about/About.tsx",
    "statementMap": {
      "0": {
        "start": {
          "line": 5,
          "column": 0
        },
        "end": {
          "line": 15,
          "column": 1
        }
      },
      "1": {
        "start": {
          "line": 6,
          "column": 2
        },
        "end": {
          "line": 8,
          "column": 3
        }
      },
      "2": {
        "start": {
          "line": 7,
          "column": 4
        },
        "end": {
          "line": 7,
          "column": 165
        }
      },
      "3": {
        "start": {
          "line": 9,
          "column": 2
        },
        "end": {
          "line": 9,
          "column": 39
        }
      },
      "4": {
        "start": {
          "line": 10,
          "column": 2
        },
        "end": {
          "line": 10,
          "column": 39
        }
      },
      "5": {
        "start": {
          "line": 11,
          "column": 2
        },
        "end": {
          "line": 13,
          "column": 4
        }
      },
      "6": {
        "start": {
          "line": 12,
          "column": 4
        },
        "end": {
          "line": 12,
          "column": 106
        }
      },
      "7": {
        "start": {
          "line": 14,
          "column": 2
        },
        "end": {
          "line": 14,
          "column": 75
        }
      },
      "8": {
        "start": {
          "line": 17,
          "column": 21
        },
        "end": {
          "line": 34,
          "column": 1
        }
      },
      "9": {
        "start": {
          "line": 18,
          "column": 2
        },
        "end": {
          "line": 33,
          "column": 11
        }
      },
      "10": {
        "start": {
          "line": 35,
          "column": 0
        },
        "end": {
          "line": 35,
          "column": 11
        }
      },
      "11": {
        "start": {
          "line": 37,
          "column": 0
        },
        "end": {
          "line": 37,
          "column": 26
        }
      },
      "12": {
        "start": {
          "line": 38,
          "column": 0
        },
        "end": {
          "line": 54,
          "column": 1
        }
      },
      "13": {
        "start": {
          "line": 39,
          "column": 2
        },
        "end": {
          "line": 39,
          "column": 39
        }
      },
      "14": {
        "start": {
          "line": 40,
          "column": 2
        },
        "end": {
          "line": 40,
          "column": 39
        }
      },
      "15": {
        "start": {
          "line": 41,
          "column": 2
        },
        "end": {
          "line": 53,
          "column": 5
        }
      },
      "16": {
        "start": {
          "line": 45,
          "column": 4
        },
        "end": {
          "line": 45,
          "column": 132
        }
      },
      "17": {
        "start": {
          "line": 46,
          "column": 4
        },
        "end": {
          "line": 52,
          "column": 7
        }
      },
      "18": {
        "start": {
          "line": 47,
          "column": 6
        },
        "end": {
          "line": 48,
          "column": 15
        }
      },
      "19": {
        "start": {
          "line": 48,
          "column": 8
        },
        "end": {
          "line": 48,
          "column": 15
        }
      },
      "20": {
        "start": {
          "line": 49,
          "column": 32
        },
        "end": {
          "line": 49,
          "column": 115
        }
      },
      "21": {
        "start": {
          "line": 50,
          "column": 6
        },
        "end": {
          "line": 51,
          "column": 54
        }
      },
      "22": {
        "start": {
          "line": 51,
          "column": 8
        },
        "end": {
          "line": 51,
          "column": 54
        }
      }
    },
    "fnMap": {
      "0": {
        "name": "(anonymous_0)",
        "decl": {
          "start": {
            "line": 11,
            "column": 24
          },
          "end": {
            "line": 11,
            "column": 25
          }
        },
        "loc": {
          "start": {
            "line": 11,
            "column": 38
          },
          "end": {
            "line": 13,
            "column": 3
          }
        },
        "line": 11
      },
      "1": {
        "name": "(anonymous_1)",
        "decl": {
          "start": {
            "line": 17,
            "column": 21
          },
          "end": {
            "line": 17,
            "column": 22
          }
        },
        "loc": {
          "start": {
            "line": 17,
            "column": 27
          },
          "end": {
            "line": 34,
            "column": 1
          }
        },
        "line": 17
      },
      "2": {
        "name": "(anonymous_2)",
        "decl": {
          "start": {
            "line": 44,
            "column": 9
          },
          "end": {
            "line": 44,
            "column": 10
          }
        },
        "loc": {
          "start": {
            "line": 44,
            "column": 29
          },
          "end": {
            "line": 53,
            "column": 3
          }
        },
        "line": 44
      },
      "3": {
        "name": "(anonymous_3)",
        "decl": {
          "start": {
            "line": 46,
            "column": 27
          },
          "end": {
            "line": 46,
            "column": 28
          }
        },
        "loc": {
          "start": {
            "line": 46,
            "column": 44
          },
          "end": {
            "line": 52,
            "column": 5
          }
        },
        "line": 46
      }
    },
    "branchMap": {
      "0": {
        "loc": {
          "start": {
            "line": 5,
            "column": 0
          },
          "end": {
            "line": 15,
            "column": 1
          }
        },
        "type": "if",
        "locations": [
          {
            "start": {
              "line": 5,
              "column": 0
            },
            "end": {
              "line": 15,
              "column": 1
            }
          },
          {
            "start": {},
            "end": {}
          }
        ],
        "line": 5
      },
      "1": {
        "loc": {
          "start": {
            "line": 6,
            "column": 2
          },
          "end": {
            "line": 8,
            "column": 3
          }
        },
        "type": "if",
        "locations": [
          {
            "start": {
              "line": 6,
              "column": 2
            },
            "end": {
              "line": 8,
              "column": 3
            }
          },
          {
            "start": {},
            "end": {}
          }
        ],
        "line": 6
      },
      "2": {
        "loc": {
          "start": {
            "line": 38,
            "column": 0
          },
          "end": {
            "line": 54,
            "column": 1
          }
        },
        "type": "if",
        "locations": [
          {
            "start": {
              "line": 38,
              "column": 0
            },
            "end": {
              "line": 54,
              "column": 1
            }
          },
          {
            "start": {},
            "end": {}
          }
        ],
        "line": 38
      },
      "3": {
        "loc": {
          "start": {
            "line": 47,
            "column": 6
          },
          "end": {
            "line": 48,
            "column": 15
          }
        },
        "type": "if",
        "locations": [
          {
            "start": {
              "line": 47,
              "column": 6
            },
            "end": {
              "line": 48,
              "column": 15
            }
          },
          {
            "start": {},
            "end": {}
          }
        ],
        "line": 47
      },
      "4": {
        "loc": {
          "start": {
            "line": 50,
            "column": 6
          },
          "end": {
            "line": 51,
            "column": 54
          }
        },
        "type": "if",
        "locations": [
          {
            "start": {
              "line": 50,
              "column": 6
            },
            "end": {
              "line": 51,
              "column": 54
            }
          },
          {
            "start": {},
            "end": {}
          }
        ],
        "line": 50
      }
    },
    "s": {
      "0": 42,
      "1": 42,
      "2": 0,
      "3": 42,
      "4": 42,
      "5": 42,
      "6": 42,
      "7": 42,
      "8": 42,
      "9": 14,
      "10": 42,
      "11": 42,
      "12": 42,
      "13": 42,
      "14": 42,
      "15": 42,
      "16": 42,
      "17": 42,
      "18": 0,
      "19": 0,
      "20": 0,
      "21": 0,
      "22": 0
    },
    "f": {
      "0": 42,
      "1": 14,
      "2": 42,
      "3": 0
    },
    "b": {
      "0": [
        42,
        0
      ],
      "1": [
        0,
        42
      ],
      "2": [
        42,
        0
      ],
      "3": [
        0,
        0
      ],
      "4": [
        0,
        0
      ]
    },
    "inputSourceMap": {
      "version": 3,
      "mappings": "AAII,mBACE,cADF;AAJJ,OAAO,oBAAa;AAAA;AAAA;AAAA;AAAA;AAAA;AAAA;AAAA;AAAA;AAAA;AAAA;AAAA;AAAA;AAAA;AAAA;AAEb,aAAMA,QAAQA,MAAM;AACzB,SACE,mCACE;AAAA,2BAAC,QAAG,WAAU,cAAa,wBAA3B;AAAA;AAAA;AAAA;AAAA,WAAmC;AAAA,IACnC,uBAAC,OAAE,WAAU,QAAO,4OAApB;AAAA;AAAA;AAAA;AAAA,WAIA;AAAA,OANF;AAAA;AAAA;AAAA;AAAA,SAOA;AAEJ;AAAEC,KAXWD;AAAK;AAAAE",
      "names": [
        "About",
        "_c",
        "$RefreshReg$"
      ],
      "sources": [
        "C:/Users/Julia/Desktop/Project/React/src/pages/about/About.tsx"
      ],
      "file": "C:/Users/Julia/Desktop/Project/React/src/pages/about/About.tsx"
    },
    "_coverageSchema": "1a1c01bbd47fc00a2c39e90264f33305004495a9",
    "hash": "35ae445aad3ef20b4c69404a1726f05b3637a66f"
  },
  "C:/Users/Julia/Desktop/Project/React/src/components/preloader/Preloader.tsx": {
    "path": "C:/Users/Julia/Desktop/Project/React/src/components/preloader/Preloader.tsx",
    "statementMap": {
      "0": {
        "start": {
          "line": 5,
          "column": 0
        },
        "end": {
          "line": 15,
          "column": 1
        }
      },
      "1": {
        "start": {
          "line": 6,
          "column": 2
        },
        "end": {
          "line": 8,
          "column": 3
        }
      },
      "2": {
        "start": {
          "line": 7,
          "column": 4
        },
        "end": {
          "line": 7,
          "column": 165
        }
      },
      "3": {
        "start": {
          "line": 9,
          "column": 2
        },
        "end": {
          "line": 9,
          "column": 39
        }
      },
      "4": {
        "start": {
          "line": 10,
          "column": 2
        },
        "end": {
          "line": 10,
          "column": 39
        }
      },
      "5": {
        "start": {
          "line": 11,
          "column": 2
        },
        "end": {
          "line": 13,
          "column": 4
        }
      },
      "6": {
        "start": {
          "line": 12,
          "column": 4
        },
        "end": {
          "line": 12,
          "column": 119
        }
      },
      "7": {
        "start": {
          "line": 14,
          "column": 2
        },
        "end": {
          "line": 14,
          "column": 75
        }
      },
      "8": {
        "start": {
          "line": 18,
          "column": 25
        },
        "end": {
          "line": 24,
          "column": 1
        }
      },
      "9": {
        "start": {
          "line": 19,
          "column": 2
        },
        "end": {
          "line": 23,
          "column": 11
        }
      },
      "10": {
        "start": {
          "line": 25,
          "column": 0
        },
        "end": {
          "line": 25,
          "column": 15
        }
      },
      "11": {
        "start": {
          "line": 27,
          "column": 0
        },
        "end": {
          "line": 27,
          "column": 30
        }
      },
      "12": {
        "start": {
          "line": 28,
          "column": 0
        },
        "end": {
          "line": 44,
          "column": 1
        }
      },
      "13": {
        "start": {
          "line": 29,
          "column": 2
        },
        "end": {
          "line": 29,
          "column": 39
        }
      },
      "14": {
        "start": {
          "line": 30,
          "column": 2
        },
        "end": {
          "line": 30,
          "column": 39
        }
      },
      "15": {
        "start": {
          "line": 31,
          "column": 2
        },
        "end": {
          "line": 43,
          "column": 5
        }
      },
      "16": {
        "start": {
          "line": 35,
          "column": 4
        },
        "end": {
          "line": 35,
          "column": 145
        }
      },
      "17": {
        "start": {
          "line": 36,
          "column": 4
        },
        "end": {
          "line": 42,
          "column": 7
        }
      },
      "18": {
        "start": {
          "line": 37,
          "column": 6
        },
        "end": {
          "line": 38,
          "column": 15
        }
      },
      "19": {
        "start": {
          "line": 38,
          "column": 8
        },
        "end": {
          "line": 38,
          "column": 15
        }
      },
      "20": {
        "start": {
          "line": 39,
          "column": 32
        },
        "end": {
          "line": 39,
          "column": 115
        }
      },
      "21": {
        "start": {
          "line": 40,
          "column": 6
        },
        "end": {
          "line": 41,
          "column": 54
        }
      },
      "22": {
        "start": {
          "line": 41,
          "column": 8
        },
        "end": {
          "line": 41,
          "column": 54
        }
      }
    },
    "fnMap": {
      "0": {
        "name": "(anonymous_0)",
        "decl": {
          "start": {
            "line": 11,
            "column": 24
          },
          "end": {
            "line": 11,
            "column": 25
          }
        },
        "loc": {
          "start": {
            "line": 11,
            "column": 38
          },
          "end": {
            "line": 13,
            "column": 3
          }
        },
        "line": 11
      },
      "1": {
        "name": "(anonymous_1)",
        "decl": {
          "start": {
            "line": 18,
            "column": 25
          },
          "end": {
            "line": 18,
            "column": 26
          }
        },
        "loc": {
          "start": {
            "line": 18,
            "column": 31
          },
          "end": {
            "line": 24,
            "column": 1
          }
        },
        "line": 18
      },
      "2": {
        "name": "(anonymous_2)",
        "decl": {
          "start": {
            "line": 34,
            "column": 9
          },
          "end": {
            "line": 34,
            "column": 10
          }
        },
        "loc": {
          "start": {
            "line": 34,
            "column": 29
          },
          "end": {
            "line": 43,
            "column": 3
          }
        },
        "line": 34
      },
      "3": {
        "name": "(anonymous_3)",
        "decl": {
          "start": {
            "line": 36,
            "column": 27
          },
          "end": {
            "line": 36,
            "column": 28
          }
        },
        "loc": {
          "start": {
            "line": 36,
            "column": 44
          },
          "end": {
            "line": 42,
            "column": 5
          }
        },
        "line": 36
      }
    },
    "branchMap": {
      "0": {
        "loc": {
          "start": {
            "line": 5,
            "column": 0
          },
          "end": {
            "line": 15,
            "column": 1
          }
        },
        "type": "if",
        "locations": [
          {
            "start": {
              "line": 5,
              "column": 0
            },
            "end": {
              "line": 15,
              "column": 1
            }
          },
          {
            "start": {},
            "end": {}
          }
        ],
        "line": 5
      },
      "1": {
        "loc": {
          "start": {
            "line": 6,
            "column": 2
          },
          "end": {
            "line": 8,
            "column": 3
          }
        },
        "type": "if",
        "locations": [
          {
            "start": {
              "line": 6,
              "column": 2
            },
            "end": {
              "line": 8,
              "column": 3
            }
          },
          {
            "start": {},
            "end": {}
          }
        ],
        "line": 6
      },
      "2": {
        "loc": {
          "start": {
            "line": 28,
            "column": 0
          },
          "end": {
            "line": 44,
            "column": 1
          }
        },
        "type": "if",
        "locations": [
          {
            "start": {
              "line": 28,
              "column": 0
            },
            "end": {
              "line": 44,
              "column": 1
            }
          },
          {
            "start": {},
            "end": {}
          }
        ],
        "line": 28
      },
      "3": {
        "loc": {
          "start": {
            "line": 37,
            "column": 6
          },
          "end": {
            "line": 38,
            "column": 15
          }
        },
        "type": "if",
        "locations": [
          {
            "start": {
              "line": 37,
              "column": 6
            },
            "end": {
              "line": 38,
              "column": 15
            }
          },
          {
            "start": {},
            "end": {}
          }
        ],
        "line": 37
      },
      "4": {
        "loc": {
          "start": {
            "line": 40,
            "column": 6
          },
          "end": {
            "line": 41,
            "column": 54
          }
        },
        "type": "if",
        "locations": [
          {
            "start": {
              "line": 40,
              "column": 6
            },
            "end": {
              "line": 41,
              "column": 54
            }
          },
          {
            "start": {},
            "end": {}
          }
        ],
        "line": 40
      }
    },
    "s": {
      "0": 42,
      "1": 42,
      "2": 0,
      "3": 42,
      "4": 42,
      "5": 42,
      "6": 42,
      "7": 42,
      "8": 42,
      "9": 1292,
      "10": 42,
      "11": 42,
      "12": 42,
      "13": 42,
      "14": 42,
      "15": 42,
      "16": 42,
      "17": 42,
      "18": 0,
      "19": 0,
      "20": 0,
      "21": 0,
      "22": 0
    },
    "f": {
      "0": 42,
      "1": 1292,
      "2": 42,
      "3": 0
    },
    "b": {
      "0": [
        42,
        0
      ],
      "1": [
        0,
        42
      ],
      "2": [
        42,
        0
      ],
      "3": [
        0,
        0
      ],
      "4": [
        0,
        0
      ]
    },
    "inputSourceMap": {
      "version": 3,
      "mappings": "AAIS;AAJT,OAAOA,oBAAU;AAAuB;AAAA;AAAA;AAAA;AAAA;AAAA;AAAA;AAAA;AAAA;AAAA;AAAA;AAAA;AAAA;AAAA;AACxC,OAAOC,YAAY;AAEZ,aAAMC,YAAYA,MAAM;AAC7B,SAAO,uBAAC,SAAI,WAAWD,OAAOE,QAAQ,KAAKH,MAAM,KAAI,UAA9C;AAAA;AAAA;AAAA;AAAA,SAAoD;AAC7D;AAAEI,KAFWF;AAAS;AAAAG",
      "names": [
        "load",
        "styles",
        "Preloader",
        "loader",
        "_c",
        "$RefreshReg$"
      ],
      "sources": [
        "C:/Users/Julia/Desktop/Project/React/src/components/preloader/Preloader.tsx"
      ],
      "file": "C:/Users/Julia/Desktop/Project/React/src/components/preloader/Preloader.tsx"
    },
    "_coverageSchema": "1a1c01bbd47fc00a2c39e90264f33305004495a9",
    "hash": "f4093aa45f08b90f70d8c8218d67765273fa535e"
  },
  "C:/Users/Julia/Desktop/Project/React/src/components/imageCat/ImageCat.tsx": {
    "path": "C:/Users/Julia/Desktop/Project/React/src/components/imageCat/ImageCat.tsx",
    "statementMap": {
      "0": {
        "start": {
          "line": 5,
          "column": 0
        },
        "end": {
          "line": 15,
          "column": 1
        }
      },
      "1": {
        "start": {
          "line": 6,
          "column": 2
        },
        "end": {
          "line": 8,
          "column": 3
        }
      },
      "2": {
        "start": {
          "line": 7,
          "column": 4
        },
        "end": {
          "line": 7,
          "column": 165
        }
      },
      "3": {
        "start": {
          "line": 9,
          "column": 2
        },
        "end": {
          "line": 9,
          "column": 39
        }
      },
      "4": {
        "start": {
          "line": 10,
          "column": 2
        },
        "end": {
          "line": 10,
          "column": 39
        }
      },
      "5": {
        "start": {
          "line": 11,
          "column": 2
        },
        "end": {
          "line": 13,
          "column": 4
        }
      },
      "6": {
        "start": {
          "line": 12,
          "column": 4
        },
        "end": {
          "line": 12,
          "column": 117
        }
      },
      "7": {
        "start": {
          "line": 14,
          "column": 2
        },
        "end": {
          "line": 14,
          "column": 75
        }
      },
      "8": {
        "start": {
          "line": 16,
          "column": 9
        },
        "end": {
          "line": 16,
          "column": 23
        }
      },
      "9": {
        "start": {
          "line": 20,
          "column": 24
        },
        "end": {
          "line": 45,
          "column": 1
        }
      },
      "10": {
        "start": {
          "line": 23,
          "column": 2
        },
        "end": {
          "line": 23,
          "column": 7
        }
      },
      "11": {
        "start": {
          "line": 27,
          "column": 6
        },
        "end": {
          "line": 27,
          "column": 26
        }
      },
      "12": {
        "start": {
          "line": 28,
          "column": 2
        },
        "end": {
          "line": 44,
          "column": 11
        }
      },
      "13": {
        "start": {
          "line": 46,
          "column": 0
        },
        "end": {
          "line": 48,
          "column": 3
        }
      },
      "14": {
        "start": {
          "line": 47,
          "column": 2
        },
        "end": {
          "line": 47,
          "column": 28
        }
      },
      "15": {
        "start": {
          "line": 49,
          "column": 0
        },
        "end": {
          "line": 49,
          "column": 14
        }
      },
      "16": {
        "start": {
          "line": 51,
          "column": 0
        },
        "end": {
          "line": 51,
          "column": 29
        }
      },
      "17": {
        "start": {
          "line": 52,
          "column": 0
        },
        "end": {
          "line": 68,
          "column": 1
        }
      },
      "18": {
        "start": {
          "line": 53,
          "column": 2
        },
        "end": {
          "line": 53,
          "column": 39
        }
      },
      "19": {
        "start": {
          "line": 54,
          "column": 2
        },
        "end": {
          "line": 54,
          "column": 39
        }
      },
      "20": {
        "start": {
          "line": 55,
          "column": 2
        },
        "end": {
          "line": 67,
          "column": 5
        }
      },
      "21": {
        "start": {
          "line": 59,
          "column": 4
        },
        "end": {
          "line": 59,
          "column": 143
        }
      },
      "22": {
        "start": {
          "line": 60,
          "column": 4
        },
        "end": {
          "line": 66,
          "column": 7
        }
      },
      "23": {
        "start": {
          "line": 61,
          "column": 6
        },
        "end": {
          "line": 62,
          "column": 15
        }
      },
      "24": {
        "start": {
          "line": 62,
          "column": 8
        },
        "end": {
          "line": 62,
          "column": 15
        }
      },
      "25": {
        "start": {
          "line": 63,
          "column": 32
        },
        "end": {
          "line": 63,
          "column": 115
        }
      },
      "26": {
        "start": {
          "line": 64,
          "column": 6
        },
        "end": {
          "line": 65,
          "column": 54
        }
      },
      "27": {
        "start": {
          "line": 65,
          "column": 8
        },
        "end": {
          "line": 65,
          "column": 54
        }
      }
    },
    "fnMap": {
      "0": {
        "name": "(anonymous_0)",
        "decl": {
          "start": {
            "line": 11,
            "column": 24
          },
          "end": {
            "line": 11,
            "column": 25
          }
        },
        "loc": {
          "start": {
            "line": 11,
            "column": 38
          },
          "end": {
            "line": 13,
            "column": 3
          }
        },
        "line": 11
      },
      "1": {
        "name": "(anonymous_1)",
        "decl": {
          "start": {
            "line": 20,
            "column": 24
          },
          "end": {
            "line": 20,
            "column": 25
          }
        },
        "loc": {
          "start": {
            "line": 22,
            "column": 6
          },
          "end": {
            "line": 45,
            "column": 1
          }
        },
        "line": 22
      },
      "2": {
        "name": "(anonymous_2)",
        "decl": {
          "start": {
            "line": 46,
            "column": 52
          },
          "end": {
            "line": 46,
            "column": 53
          }
        },
        "loc": {
          "start": {
            "line": 46,
            "column": 63
          },
          "end": {
            "line": 48,
            "column": 1
          }
        },
        "line": 46
      },
      "3": {
        "name": "(anonymous_3)",
        "decl": {
          "start": {
            "line": 58,
            "column": 9
          },
          "end": {
            "line": 58,
            "column": 10
          }
        },
        "loc": {
          "start": {
            "line": 58,
            "column": 29
          },
          "end": {
            "line": 67,
            "column": 3
          }
        },
        "line": 58
      },
      "4": {
        "name": "(anonymous_4)",
        "decl": {
          "start": {
            "line": 60,
            "column": 27
          },
          "end": {
            "line": 60,
            "column": 28
          }
        },
        "loc": {
          "start": {
            "line": 60,
            "column": 44
          },
          "end": {
            "line": 66,
            "column": 5
          }
        },
        "line": 60
      }
    },
    "branchMap": {
      "0": {
        "loc": {
          "start": {
            "line": 5,
            "column": 0
          },
          "end": {
            "line": 15,
            "column": 1
          }
        },
        "type": "if",
        "locations": [
          {
            "start": {
              "line": 5,
              "column": 0
            },
            "end": {
              "line": 15,
              "column": 1
            }
          },
          {
            "start": {},
            "end": {}
          }
        ],
        "line": 5
      },
      "1": {
        "loc": {
          "start": {
            "line": 6,
            "column": 2
          },
          "end": {
            "line": 8,
            "column": 3
          }
        },
        "type": "if",
        "locations": [
          {
            "start": {
              "line": 6,
              "column": 2
            },
            "end": {
              "line": 8,
              "column": 3
            }
          },
          {
            "start": {},
            "end": {}
          }
        ],
        "line": 6
      },
      "2": {
        "loc": {
          "start": {
            "line": 28,
            "column": 9
          },
          "end": {
            "line": 44,
            "column": 10
          }
        },
        "type": "cond-expr",
        "locations": [
          {
            "start": {
              "line": 28,
              "column": 37
            },
            "end": {
              "line": 32,
              "column": 10
            }
          },
          {
            "start": {
              "line": 32,
              "column": 29
            },
            "end": {
              "line": 44,
              "column": 10
            }
          }
        ],
        "line": 28
      },
      "3": {
        "loc": {
          "start": {
            "line": 32,
            "column": 75
          },
          "end": {
            "line": 40,
            "column": 10
          }
        },
        "type": "cond-expr",
        "locations": [
          {
            "start": {
              "line": 32,
              "column": 117
            },
            "end": {
              "line": 36,
              "column": 10
            }
          },
          {
            "start": {
              "line": 36,
              "column": 29
            },
            "end": {
              "line": 40,
              "column": 10
            }
          }
        ],
        "line": 32
      },
      "4": {
        "loc": {
          "start": {
            "line": 32,
            "column": 75
          },
          "end": {
            "line": 32,
            "column": 98
          }
        },
        "type": "binary-expr",
        "locations": [
          {
            "start": {
              "line": 32,
              "column": 75
            },
            "end": {
              "line": 32,
              "column": 79
            }
          },
          {
            "start": {
              "line": 32,
              "column": 83
            },
            "end": {
              "line": 32,
              "column": 98
            }
          }
        ],
        "line": 32
      },
      "5": {
        "loc": {
          "start": {
            "line": 52,
            "column": 0
          },
          "end": {
            "line": 68,
            "column": 1
          }
        },
        "type": "if",
        "locations": [
          {
            "start": {
              "line": 52,
              "column": 0
            },
            "end": {
              "line": 68,
              "column": 1
            }
          },
          {
            "start": {},
            "end": {}
          }
        ],
        "line": 52
      },
      "6": {
        "loc": {
          "start": {
            "line": 61,
            "column": 6
          },
          "end": {
            "line": 62,
            "column": 15
          }
        },
        "type": "if",
        "locations": [
          {
            "start": {
              "line": 61,
              "column": 6
            },
            "end": {
              "line": 62,
              "column": 15
            }
          },
          {
            "start": {},
            "end": {}
          }
        ],
        "line": 61
      },
      "7": {
        "loc": {
          "start": {
            "line": 64,
            "column": 6
          },
          "end": {
            "line": 65,
            "column": 54
          }
        },
        "type": "if",
        "locations": [
          {
            "start": {
              "line": 64,
              "column": 6
            },
            "end": {
              "line": 65,
              "column": 54
            }
          },
          {
            "start": {},
            "end": {}
          }
        ],
        "line": 64
      }
    },
    "s": {
      "0": 42,
      "1": 42,
      "2": 0,
      "3": 42,
      "4": 42,
      "5": 42,
      "6": 42,
      "7": 42,
      "8": 42,
      "9": 42,
      "10": 1215,
      "11": 1215,
      "12": 1215,
      "13": 42,
      "14": 8,
      "15": 42,
      "16": 42,
      "17": 42,
      "18": 42,
      "19": 42,
      "20": 42,
      "21": 42,
      "22": 42,
      "23": 0,
      "24": 0,
      "25": 0,
      "26": 0,
      "27": 0
    },
    "f": {
      "0": 42,
      "1": 1215,
      "2": 8,
      "3": 42,
      "4": 0
    },
    "b": {
      "0": [
        42,
        0
      ],
      "1": [
        0,
        42
      ],
      "2": [
        1202,
        13
      ],
      "3": [
        13,
        0
      ],
      "4": [
        13,
        13
      ],
      "5": [
        42,
        0
      ],
      "6": [
        0,
        0
      ],
      "7": [
        0,
        0
      ]
    },
    "inputSourceMap": {
      "version": 3,
      "mappings": "AAeI;;;;;;;;;;;;;;;;AAbJ,SAASA,wBAAwB;AACjC,SAASC,iBAAiB;AAE1B,OAAO;AAMA,aAAMC,WAA0BA,CAAC;AAAA,EAAEC;AAAG,MAAM;AAAAC;AACjD,QAAM;AAAA,IAAEC;AAAAA,IAAWC;AAAAA,EAAK,IAAIN,iBAAiBG,EAAE;AAE/C,SAAOE,YACL,uBAAC,eAAD;AAAA;AAAA;AAAA;AAAA,SAAU,IAEV,uBAAC,SAAI,WAAW,SACbC,kBAAQA,KAAKC,SAAS,IACrB,uBAAC,SAAI,KAAKD,KAAK,CAAC,EAAEE,KAAK,KAAI,MAA3B;AAAA;AAAA;AAAA;AAAA,SAA6B,IAE7B,uBAAC,UAAK,WAAW,SAAS,mCAA1B;AAAA;AAAA;AAAA;AAAA,SAA6C,KAJjD;AAAA;AAAA;AAAA;AAAA,SAMA;AAEJ;AAAEJ,GAdWF,UAAuB;AAAA,UACNF,gBAAgB;AAAA;AAAAS,KADjCP;AAAuB;AAAAQ",
      "names": [
        "useGetImageQuery",
        "Preloader",
        "ImageCat",
        "id",
        "_s",
        "isLoading",
        "data",
        "length",
        "url",
        "_c",
        "$RefreshReg$"
      ],
      "sources": [
        "C:/Users/Julia/Desktop/Project/React/src/components/imageCat/ImageCat.tsx"
      ],
      "file": "C:/Users/Julia/Desktop/Project/React/src/components/imageCat/ImageCat.tsx"
    },
    "_coverageSchema": "1a1c01bbd47fc00a2c39e90264f33305004495a9",
    "hash": "79a3512568ca9ebd3a701b0c56b78c6dcdd80e21"
  },
  "C:/Users/Julia/Desktop/Project/React/src/components/catModal/CatsModal.tsx": {
    "path": "C:/Users/Julia/Desktop/Project/React/src/components/catModal/CatsModal.tsx",
    "statementMap": {
      "0": {
        "start": {
          "line": 5,
          "column": 0
        },
        "end": {
          "line": 15,
          "column": 1
        }
      },
      "1": {
        "start": {
          "line": 6,
          "column": 2
        },
        "end": {
          "line": 8,
          "column": 3
        }
      },
      "2": {
        "start": {
          "line": 7,
          "column": 4
        },
        "end": {
          "line": 7,
          "column": 165
        }
      },
      "3": {
        "start": {
          "line": 9,
          "column": 2
        },
        "end": {
          "line": 9,
          "column": 39
        }
      },
      "4": {
        "start": {
          "line": 10,
          "column": 2
        },
        "end": {
          "line": 10,
          "column": 39
        }
      },
      "5": {
        "start": {
          "line": 11,
          "column": 2
        },
        "end": {
          "line": 13,
          "column": 4
        }
      },
      "6": {
        "start": {
          "line": 12,
          "column": 4
        },
        "end": {
          "line": 12,
          "column": 118
        }
      },
      "7": {
        "start": {
          "line": 14,
          "column": 2
        },
        "end": {
          "line": 14,
          "column": 75
        }
      },
      "8": {
        "start": {
          "line": 16,
          "column": 9
        },
        "end": {
          "line": 16,
          "column": 23
        }
      },
      "9": {
        "start": {
          "line": 24,
          "column": 25
        },
        "end": {
          "line": 117,
          "column": 1
        }
      },
      "10": {
        "start": {
          "line": 25,
          "column": 2
        },
        "end": {
          "line": 25,
          "column": 7
        }
      },
      "11": {
        "start": {
          "line": 26,
          "column": 19
        },
        "end": {
          "line": 26,
          "column": 35
        }
      },
      "12": {
        "start": {
          "line": 29,
          "column": 6
        },
        "end": {
          "line": 29,
          "column": 50
        }
      },
      "13": {
        "start": {
          "line": 29,
          "column": 34
        },
        "end": {
          "line": 29,
          "column": 49
        }
      },
      "14": {
        "start": {
          "line": 33,
          "column": 6
        },
        "end": {
          "line": 33,
          "column": 30
        }
      },
      "15": {
        "start": {
          "line": 34,
          "column": 22
        },
        "end": {
          "line": 39,
          "column": 3
        }
      },
      "16": {
        "start": {
          "line": 35,
          "column": 4
        },
        "end": {
          "line": 38,
          "column": 8
        }
      },
      "17": {
        "start": {
          "line": 40,
          "column": 21
        },
        "end": {
          "line": 40,
          "column": 33
        }
      },
      "18": {
        "start": {
          "line": 41,
          "column": 29
        },
        "end": {
          "line": 48,
          "column": 3
        }
      },
      "19": {
        "start": {
          "line": 42,
          "column": 4
        },
        "end": {
          "line": 47,
          "column": 5
        }
      },
      "20": {
        "start": {
          "line": 43,
          "column": 6
        },
        "end": {
          "line": 46,
          "column": 10
        }
      },
      "21": {
        "start": {
          "line": 49,
          "column": 2
        },
        "end": {
          "line": 116,
          "column": 11
        }
      },
      "22": {
        "start": {
          "line": 118,
          "column": 0
        },
        "end": {
          "line": 120,
          "column": 3
        }
      },
      "23": {
        "start": {
          "line": 119,
          "column": 2
        },
        "end": {
          "line": 119,
          "column": 61
        }
      },
      "24": {
        "start": {
          "line": 121,
          "column": 0
        },
        "end": {
          "line": 121,
          "column": 15
        }
      },
      "25": {
        "start": {
          "line": 123,
          "column": 0
        },
        "end": {
          "line": 123,
          "column": 30
        }
      },
      "26": {
        "start": {
          "line": 124,
          "column": 0
        },
        "end": {
          "line": 140,
          "column": 1
        }
      },
      "27": {
        "start": {
          "line": 125,
          "column": 2
        },
        "end": {
          "line": 125,
          "column": 39
        }
      },
      "28": {
        "start": {
          "line": 126,
          "column": 2
        },
        "end": {
          "line": 126,
          "column": 39
        }
      },
      "29": {
        "start": {
          "line": 127,
          "column": 2
        },
        "end": {
          "line": 139,
          "column": 5
        }
      },
      "30": {
        "start": {
          "line": 131,
          "column": 4
        },
        "end": {
          "line": 131,
          "column": 144
        }
      },
      "31": {
        "start": {
          "line": 132,
          "column": 4
        },
        "end": {
          "line": 138,
          "column": 7
        }
      },
      "32": {
        "start": {
          "line": 133,
          "column": 6
        },
        "end": {
          "line": 134,
          "column": 15
        }
      },
      "33": {
        "start": {
          "line": 134,
          "column": 8
        },
        "end": {
          "line": 134,
          "column": 15
        }
      },
      "34": {
        "start": {
          "line": 135,
          "column": 32
        },
        "end": {
          "line": 135,
          "column": 115
        }
      },
      "35": {
        "start": {
          "line": 136,
          "column": 6
        },
        "end": {
          "line": 137,
          "column": 54
        }
      },
      "36": {
        "start": {
          "line": 137,
          "column": 8
        },
        "end": {
          "line": 137,
          "column": 54
        }
      }
    },
    "fnMap": {
      "0": {
        "name": "(anonymous_0)",
        "decl": {
          "start": {
            "line": 11,
            "column": 24
          },
          "end": {
            "line": 11,
            "column": 25
          }
        },
        "loc": {
          "start": {
            "line": 11,
            "column": 38
          },
          "end": {
            "line": 13,
            "column": 3
          }
        },
        "line": 11
      },
      "1": {
        "name": "(anonymous_1)",
        "decl": {
          "start": {
            "line": 24,
            "column": 25
          },
          "end": {
            "line": 24,
            "column": 26
          }
        },
        "loc": {
          "start": {
            "line": 24,
            "column": 31
          },
          "end": {
            "line": 117,
            "column": 1
          }
        },
        "line": 24
      },
      "2": {
        "name": "(anonymous_2)",
        "decl": {
          "start": {
            "line": 29,
            "column": 23
          },
          "end": {
            "line": 29,
            "column": 24
          }
        },
        "loc": {
          "start": {
            "line": 29,
            "column": 34
          },
          "end": {
            "line": 29,
            "column": 49
          }
        },
        "line": 29
      },
      "3": {
        "name": "(anonymous_3)",
        "decl": {
          "start": {
            "line": 34,
            "column": 22
          },
          "end": {
            "line": 34,
            "column": 23
          }
        },
        "loc": {
          "start": {
            "line": 34,
            "column": 28
          },
          "end": {
            "line": 39,
            "column": 3
          }
        },
        "line": 34
      },
      "4": {
        "name": "(anonymous_4)",
        "decl": {
          "start": {
            "line": 41,
            "column": 29
          },
          "end": {
            "line": 41,
            "column": 30
          }
        },
        "loc": {
          "start": {
            "line": 41,
            "column": 40
          },
          "end": {
            "line": 48,
            "column": 3
          }
        },
        "line": 41
      },
      "5": {
        "name": "(anonymous_5)",
        "decl": {
          "start": {
            "line": 118,
            "column": 53
          },
          "end": {
            "line": 118,
            "column": 54
          }
        },
        "loc": {
          "start": {
            "line": 118,
            "column": 64
          },
          "end": {
            "line": 120,
            "column": 1
          }
        },
        "line": 118
      },
      "6": {
        "name": "(anonymous_6)",
        "decl": {
          "start": {
            "line": 130,
            "column": 9
          },
          "end": {
            "line": 130,
            "column": 10
          }
        },
        "loc": {
          "start": {
            "line": 130,
            "column": 29
          },
          "end": {
            "line": 139,
            "column": 3
          }
        },
        "line": 130
      },
      "7": {
        "name": "(anonymous_7)",
        "decl": {
          "start": {
            "line": 132,
            "column": 27
          },
          "end": {
            "line": 132,
            "column": 28
          }
        },
        "loc": {
          "start": {
            "line": 132,
            "column": 44
          },
          "end": {
            "line": 138,
            "column": 5
          }
        },
        "line": 132
      }
    },
    "branchMap": {
      "0": {
        "loc": {
          "start": {
            "line": 5,
            "column": 0
          },
          "end": {
            "line": 15,
            "column": 1
          }
        },
        "type": "if",
        "locations": [
          {
            "start": {
              "line": 5,
              "column": 0
            },
            "end": {
              "line": 15,
              "column": 1
            }
          },
          {
            "start": {},
            "end": {}
          }
        ],
        "line": 5
      },
      "1": {
        "loc": {
          "start": {
            "line": 6,
            "column": 2
          },
          "end": {
            "line": 8,
            "column": 3
          }
        },
        "type": "if",
        "locations": [
          {
            "start": {
              "line": 6,
              "column": 2
            },
            "end": {
              "line": 8,
              "column": 3
            }
          },
          {
            "start": {},
            "end": {}
          }
        ],
        "line": 6
      },
      "2": {
        "loc": {
          "start": {
            "line": 42,
            "column": 4
          },
          "end": {
            "line": 47,
            "column": 5
          }
        },
        "type": "if",
        "locations": [
          {
            "start": {
              "line": 42,
              "column": 4
            },
            "end": {
              "line": 47,
              "column": 5
            }
          },
          {
            "start": {},
            "end": {}
          }
        ],
        "line": 42
      },
      "3": {
        "loc": {
          "start": {
            "line": 55,
            "column": 4
          },
          "end": {
            "line": 103,
            "column": 12
          }
        },
        "type": "cond-expr",
        "locations": [
          {
            "start": {
              "line": 55,
              "column": 32
            },
            "end": {
              "line": 59,
              "column": 12
            }
          },
          {
            "start": {
              "line": 59,
              "column": 31
            },
            "end": {
              "line": 103,
              "column": 12
            }
          }
        ],
        "line": 55
      },
      "4": {
        "loc": {
          "start": {
            "line": 124,
            "column": 0
          },
          "end": {
            "line": 140,
            "column": 1
          }
        },
        "type": "if",
        "locations": [
          {
            "start": {
              "line": 124,
              "column": 0
            },
            "end": {
              "line": 140,
              "column": 1
            }
          },
          {
            "start": {},
            "end": {}
          }
        ],
        "line": 124
      },
      "5": {
        "loc": {
          "start": {
            "line": 133,
            "column": 6
          },
          "end": {
            "line": 134,
            "column": 15
          }
        },
        "type": "if",
        "locations": [
          {
            "start": {
              "line": 133,
              "column": 6
            },
            "end": {
              "line": 134,
              "column": 15
            }
          },
          {
            "start": {},
            "end": {}
          }
        ],
        "line": 133
      },
      "6": {
        "loc": {
          "start": {
            "line": 136,
            "column": 6
          },
          "end": {
            "line": 137,
            "column": 54
          }
        },
        "type": "if",
        "locations": [
          {
            "start": {
              "line": 136,
              "column": 6
            },
            "end": {
              "line": 137,
              "column": 54
            }
          },
          {
            "start": {},
            "end": {}
          }
        ],
        "line": 136
      }
    },
    "s": {
      "0": 42,
      "1": 42,
      "2": 0,
      "3": 42,
      "4": 42,
      "5": 42,
      "6": 42,
      "7": 42,
      "8": 42,
      "9": 42,
      "10": 0,
      "11": 0,
      "12": 0,
      "13": 0,
      "14": 0,
      "15": 0,
      "16": 0,
      "17": 0,
      "18": 0,
      "19": 0,
      "20": 0,
      "21": 0,
      "22": 42,
      "23": 0,
      "24": 42,
      "25": 42,
      "26": 42,
      "27": 42,
      "28": 42,
      "29": 42,
      "30": 42,
      "31": 42,
      "32": 0,
      "33": 0,
      "34": 0,
      "35": 0,
      "36": 0
    },
    "f": {
      "0": 42,
      "1": 0,
      "2": 0,
      "3": 0,
      "4": 0,
      "5": 0,
      "6": 42,
      "7": 0
    },
    "b": {
      "0": [
        42,
        0
      ],
      "1": [
        0,
        42
      ],
      "2": [
        0,
        0
      ],
      "3": [
        0,
        0
      ],
      "4": [
        42,
        0
      ],
      "5": [
        0,
        0
      ],
      "6": [
        0,
        0
      ]
    },
    "inputSourceMap": {
      "version": 3,
      "mappings": "AA8BU,SAME,UANF;;;;;;;;;;;;;;;;AA9BV,SAAyBA,cAAc;AACvC,OAAO;AACP,SAASC,iBAAiB;AAC1B,SAASC,uBAAuB;AAChC,SAASC,gBAAgB;AAEzB,SAASC,kBAAkBC,sBAAsB;AACjD,SAASC,mBAAmB;AAErB,aAAMC,YAAgBA,MAAM;AAAAC;AACjC,QAAMC,WAAWJ,eAAc;AAC/B,QAAM;AAAA,IAAEK;AAAAA,EAAQ,IAAIN,iBAAiB,CAACO,UAAqBA,MAAMC,SAAS;AAC1E,QAAM;AAAA,IAAEC;AAAAA,IAAWC;AAAAA,EAAK,IAAIZ,gBAAgBQ,OAAO;AAEnD,QAAMK,cAAcA,MAAM;AACxBN,aAASH,YAAY;AAAA,MAAEI;AAAAA,MAAkBM,cAAc;AAAA,IAAM,CAAC,CAAC;AAAA,EACjE;AAEA,QAAMC,aAAajB,OAAuB,IAAI;AAE9C,QAAMkB,qBAAqBA,CAACC,UAAsB;AAChD,QAAIF,WAAWG,WAAWD,MAAME,QAAQ;AACtCZ,eAASH,YAAY;AAAA,QAAEI;AAAAA,QAAkBM,cAAc;AAAA,MAAM,CAAC,CAAC;AAAA,IACjE;AAAA,EACF;AAEA,SACE,uBAAC,SAAI,WAAW,oBAAoB,KAAKC,YAAY,SAASC,oBAC5D,iCAAC,SAAI,WAAW,iBACd,iCAAC,SAAI,WAAW,kBACd;AAAA,2BAAC,YAAO,WAAW,iBAAiB,SAASH,aAAa,iBAA1D;AAAA;AAAA;AAAA;AAAA,WAEA;AAAA,IACCF,YACC,uBAAC,eAAD;AAAA;AAAA;AAAA;AAAA,WAAU,IAEV,mCACE;AAAA,6BAAC,YAAS,IAAIH,WAAd;AAAA;AAAA;AAAA;AAAA,aAAsB;AAAA,MACtB,uBAAC,SAAI,WAAW,sBACd;AAAA,+BAAC,SAAI,WAAW,iBAAkBI,gBAAMQ,QAAxC;AAAA;AAAA;AAAA;AAAA,eAA6C;AAAA,QAC7C,uBAAC,SAAI,WAAW,wBAAyBR,gBAAMS,eAA/C;AAAA;AAAA;AAAA;AAAA,eAA2D;AAAA,QAC3D,uBAAC,SAAI,WAAW,mBAAoBT,gBAAMU,UAA1C;AAAA;AAAA;AAAA;AAAA,eAAiD;AAAA,QACjD,uBAAC,SAAI,WAAW,wBAAyBV,gBAAMW,eAA/C;AAAA;AAAA;AAAA;AAAA,eAA2D;AAAA,QAC3D,uBAAC,SAAI,WAAW,iBAAkBX;AAAAA,gBAAMY;AAAAA,UAAU;AAAA,aAAlD;AAAA;AAAA;AAAA;AAAA,eAAoE;AAAA,WALtE;AAAA;AAAA;AAAA;AAAA,aAMA;AAAA,SARF;AAAA;AAAA;AAAA;AAAA,WASA;AAAA,OAhBJ;AAAA;AAAA;AAAA;AAAA,SAkBA,KAnBF;AAAA;AAAA;AAAA;AAAA,SAoBA,KArBF;AAAA;AAAA;AAAA;AAAA,SAsBA;AAEJ;AAAElB,GA1CWD,WAAa;AAAA,UACPF,gBACGD,kBACQF,eAAe;AAAA;AAAAyB,KAHhCpB;AAAa;AAAAqB",
      "names": [
        "useRef",
        "Preloader",
        "useGetCardQuery",
        "ImageCat",
        "useTypedSelector",
        "useAppDispatch",
        "updateState",
        "CatsModal",
        "_s",
        "dispatch",
        "idState",
        "state",
        "cardSlice",
        "isLoading",
        "data",
        "handleClick",
        "visibleModal",
        "overlayRef",
        "handleOverlayClick",
        "event",
        "current",
        "target",
        "name",
        "description",
        "origin",
        "temperament",
        "life_span",
        "_c",
        "$RefreshReg$"
      ],
      "sources": [
        "C:/Users/Julia/Desktop/Project/React/src/components/catModal/CatsModal.tsx"
      ],
      "file": "C:/Users/Julia/Desktop/Project/React/src/components/catModal/CatsModal.tsx"
    },
    "_coverageSchema": "1a1c01bbd47fc00a2c39e90264f33305004495a9",
    "hash": "c41aa7b0b0228582b35fc8b163ba96a9ec24dd4f"
  },
  "C:/Users/Julia/Desktop/Project/React/src/components/search/Search.tsx": {
    "path": "C:/Users/Julia/Desktop/Project/React/src/components/search/Search.tsx",
    "statementMap": {
      "0": {
        "start": {
          "line": 5,
          "column": 0
        },
        "end": {
          "line": 15,
          "column": 1
        }
      },
      "1": {
        "start": {
          "line": 6,
          "column": 2
        },
        "end": {
          "line": 8,
          "column": 3
        }
      },
      "2": {
        "start": {
          "line": 7,
          "column": 4
        },
        "end": {
          "line": 7,
          "column": 165
        }
      },
      "3": {
        "start": {
          "line": 9,
          "column": 2
        },
        "end": {
          "line": 9,
          "column": 39
        }
      },
      "4": {
        "start": {
          "line": 10,
          "column": 2
        },
        "end": {
          "line": 10,
          "column": 39
        }
      },
      "5": {
        "start": {
          "line": 11,
          "column": 2
        },
        "end": {
          "line": 13,
          "column": 4
        }
      },
      "6": {
        "start": {
          "line": 12,
          "column": 4
        },
        "end": {
          "line": 12,
          "column": 113
        }
      },
      "7": {
        "start": {
          "line": 14,
          "column": 2
        },
        "end": {
          "line": 14,
          "column": 75
        }
      },
      "8": {
        "start": {
          "line": 16,
          "column": 9
        },
        "end": {
          "line": 16,
          "column": 23
        }
      },
      "9": {
        "start": {
          "line": 21,
          "column": 22
        },
        "end": {
          "line": 66,
          "column": 1
        }
      },
      "10": {
        "start": {
          "line": 22,
          "column": 2
        },
        "end": {
          "line": 22,
          "column": 7
        }
      },
      "11": {
        "start": {
          "line": 23,
          "column": 19
        },
        "end": {
          "line": 23,
          "column": 35
        }
      },
      "12": {
        "start": {
          "line": 26,
          "column": 6
        },
        "end": {
          "line": 26,
          "column": 50
        }
      },
      "13": {
        "start": {
          "line": 26,
          "column": 34
        },
        "end": {
          "line": 26,
          "column": 49
        }
      },
      "14": {
        "start": {
          "line": 27,
          "column": 28
        },
        "end": {
          "line": 27,
          "column": 43
        }
      },
      "15": {
        "start": {
          "line": 28,
          "column": 23
        },
        "end": {
          "line": 30,
          "column": 3
        }
      },
      "16": {
        "start": {
          "line": 29,
          "column": 4
        },
        "end": {
          "line": 29,
          "column": 33
        }
      },
      "17": {
        "start": {
          "line": 31,
          "column": 22
        },
        "end": {
          "line": 33,
          "column": 3
        }
      },
      "18": {
        "start": {
          "line": 32,
          "column": 4
        },
        "end": {
          "line": 32,
          "column": 36
        }
      },
      "19": {
        "start": {
          "line": 34,
          "column": 25
        },
        "end": {
          "line": 38,
          "column": 3
        }
      },
      "20": {
        "start": {
          "line": 35,
          "column": 4
        },
        "end": {
          "line": 37,
          "column": 5
        }
      },
      "21": {
        "start": {
          "line": 36,
          "column": 6
        },
        "end": {
          "line": 36,
          "column": 38
        }
      },
      "22": {
        "start": {
          "line": 39,
          "column": 2
        },
        "end": {
          "line": 65,
          "column": 11
        }
      },
      "23": {
        "start": {
          "line": 46,
          "column": 112
        },
        "end": {
          "line": 46,
          "column": 127
        }
      },
      "24": {
        "start": {
          "line": 67,
          "column": 0
        },
        "end": {
          "line": 69,
          "column": 3
        }
      },
      "25": {
        "start": {
          "line": 68,
          "column": 2
        },
        "end": {
          "line": 68,
          "column": 44
        }
      },
      "26": {
        "start": {
          "line": 70,
          "column": 0
        },
        "end": {
          "line": 70,
          "column": 12
        }
      },
      "27": {
        "start": {
          "line": 72,
          "column": 0
        },
        "end": {
          "line": 72,
          "column": 27
        }
      },
      "28": {
        "start": {
          "line": 73,
          "column": 0
        },
        "end": {
          "line": 89,
          "column": 1
        }
      },
      "29": {
        "start": {
          "line": 74,
          "column": 2
        },
        "end": {
          "line": 74,
          "column": 39
        }
      },
      "30": {
        "start": {
          "line": 75,
          "column": 2
        },
        "end": {
          "line": 75,
          "column": 39
        }
      },
      "31": {
        "start": {
          "line": 76,
          "column": 2
        },
        "end": {
          "line": 88,
          "column": 5
        }
      },
      "32": {
        "start": {
          "line": 80,
          "column": 4
        },
        "end": {
          "line": 80,
          "column": 139
        }
      },
      "33": {
        "start": {
          "line": 81,
          "column": 4
        },
        "end": {
          "line": 87,
          "column": 7
        }
      },
      "34": {
        "start": {
          "line": 82,
          "column": 6
        },
        "end": {
          "line": 83,
          "column": 15
        }
      },
      "35": {
        "start": {
          "line": 83,
          "column": 8
        },
        "end": {
          "line": 83,
          "column": 15
        }
      },
      "36": {
        "start": {
          "line": 84,
          "column": 32
        },
        "end": {
          "line": 84,
          "column": 115
        }
      },
      "37": {
        "start": {
          "line": 85,
          "column": 6
        },
        "end": {
          "line": 86,
          "column": 54
        }
      },
      "38": {
        "start": {
[...]
      "17": 0,
      "18": 40,
      "19": 26,
      "20": 40,
      "21": 42,
      "22": 28,
      "23": 42,
      "24": 42,
      "25": 42,
      "26": 42,
      "27": 42,
      "28": 42,
      "29": 42,
      "30": 42,
      "31": 0,
      "32": 0,
      "33": 0,
      "34": 0,
      "35": 0
    },
    "f": {
      "0": 42,
      "1": 40,
      "2": 84,
      "3": 40,
      "4": 0,
      "5": 26,
      "6": 28,
      "7": 42,
      "8": 0
    },
    "b": {
      "0": [
        42,
        0
      ],
      "1": [
        0,
        42
      ],
      "2": [
        0,
        0
      ],
      "3": [
        40,
        12
      ],
      "4": [
        42,
        0
      ],
      "5": [
        0,
        0
      ],
      "6": [
        0,
        0
      ]
    },
    "inputSourceMap": {
      "version": 3,
      "mappings": "AAwBI,mBACE,cADF;;;;;;;;;;;;;;;;AAxBJ,SAASA,iBAAiB;AAC1B,SAASC,gBAAgB;AACzB,SAASC,aAAa;AACtB,SAASC,iBAAiB;AAC1B,SAASC,gBAAgBC,wBAAwB;AACjD,SAASC,iBAAiB;AAGnB,aAAMC,OAAOA,MAAM;AAAAC;AACxB,QAAMC,WAAWL,eAAc;AAC/B,QAAM;AAAA,IAAEM;AAAAA,EAAY,IAAIL,iBAAiB,CAACM,UAAqBA,MAAMC,QAAQ;AAE7EZ,YAAU,MAAM;AACd,UAAMa,UAAUC,WAAW,MAAM;AAC/B,UAAIJ,aAAa;AACfD,iBAASH,UAAU,KAAK,CAAC;AAAA,MAC3B;AAAA,IACF,GAAG,GAAI;AACP,WAAO,MAAM;AACXS,mBAAaF,OAAO;AAAA,IACtB;AAAA,EACF,GAAG,CAACJ,UAAUC,WAAW,CAAC;AAE1B,SACE,mCACE;AAAA,2BAAC,QAAG,WAAU,cAAa,oBAA3B;AAAA;AAAA;AAAA;AAAA,WAA+B;AAAA,IAC/B,uBAAC,cAAD;AAAA;AAAA;AAAA;AAAA,WAAS;AAAA,IACRA,eAAe,uBAAC,WAAD;AAAA;AAAA;AAAA;AAAA,WAAM;AAAA,IACtB,uBAAC,eAAD;AAAA;AAAA;AAAA;AAAA,WAAU;AAAA,OAJZ;AAAA;AAAA;AAAA;AAAA,SAKA;AAEJ;AAAEF,GAvBWD,MAAI;AAAA,UACEH,gBACOC,gBAAgB;AAAA;AAAAW,KAF7BT;AAAI;AAAAU",
      "names": [
        "useEffect",
        "FormData",
        "Modal",
        "ValueList",
        "useAppDispatch",
        "useTypedSelector",
        "showModal",
        "Form",
        "_s",
        "dispatch",
        "isShowModal",
        "state",
        "formList",
        "timerId",
        "setTimeout",
        "clearTimeout",
        "_c",
        "$RefreshReg$"
      ],
      "sources": [
        "C:/Users/Julia/Desktop/Project/React/src/pages/form/Form.tsx"
      ],
      "file": "C:/Users/Julia/Desktop/Project/React/src/pages/form/Form.tsx"
    },
    "_coverageSchema": "1a1c01bbd47fc00a2c39e90264f33305004495a9",
    "hash": "1dc7d39aa25d2f62e4a8a5c73e69b6ac7d09a647"
  },
  "C:/Users/Julia/Desktop/Project/React/src/App.tsx": {
    "path": "C:/Users/Julia/Desktop/Project/React/src/App.tsx",
    "statementMap": {
      "0": {
        "start": {
          "line": 5,
          "column": 0
        },
        "end": {
          "line": 15,
          "column": 1
        }
      },
      "1": {
        "start": {
          "line": 6,
          "column": 2
        },
        "end": {
          "line": 8,
          "column": 3
        }
      },
      "2": {
        "start": {
          "line": 7,
          "column": 4
        },
        "end": {
          "line": 7,
          "column": 165
        }
      },
      "3": {
        "start": {
          "line": 9,
          "column": 2
        },
        "end": {
          "line": 9,
          "column": 39
        }
      },
      "4": {
        "start": {
          "line": 10,
          "column": 2
        },
        "end": {
          "line": 10,
          "column": 39
        }
      },
      "5": {
        "start": {
          "line": 11,
          "column": 2
        },
        "end": {
          "line": 13,
          "column": 4
        }
      },
      "6": {
        "start": {
          "line": 12,
          "column": 4
        },
        "end": {
          "line": 12,
          "column": 92
        }
      },
      "7": {
        "start": {
          "line": 14,
          "column": 2
        },
        "end": {
          "line": 14,
          "column": 75
        }
      },
      "8": {
        "start": {
          "line": 23,
          "column": 19
        },
        "end": {
          "line": 74,
          "column": 1
        }
      },
      "9": {
        "start": {
          "line": 24,
          "column": 2
        },
        "end": {
          "line": 73,
          "column": 11
        }
      },
      "10": {
        "start": {
          "line": 75,
          "column": 0
        },
        "end": {
          "line": 75,
          "column": 9
        }
      },
      "11": {
        "start": {
          "line": 77,
          "column": 0
        },
        "end": {
          "line": 77,
          "column": 24
        }
      },
      "12": {
        "start": {
          "line": 78,
          "column": 0
        },
        "end": {
          "line": 94,
          "column": 1
        }
      },
      "13": {
        "start": {
          "line": 79,
          "column": 2
        },
        "end": {
          "line": 79,
          "column": 39
        }
      },
      "14": {
        "start": {
          "line": 80,
          "column": 2
        },
        "end": {
          "line": 80,
          "column": 39
        }
      },
      "15": {
        "start": {
          "line": 81,
          "column": 2
        },
        "end": {
          "line": 93,
          "column": 5
        }
      },
      "16": {
        "start": {
          "line": 85,
          "column": 4
        },
        "end": {
          "line": 85,
          "column": 118
        }
      },
      "17": {
        "start": {
          "line": 86,
          "column": 4
        },
        "end": {
          "line": 92,
          "column": 7
        }
      },
      "18": {
        "start": {
          "line": 87,
          "column": 6
        },
        "end": {
          "line": 88,
          "column": 15
        }
      },
      "19": {
        "start": {
          "line": 88,
          "column": 8
        },
        "end": {
          "line": 88,
          "column": 15
        }
      },
      "20": {
        "start": {
          "line": 89,
          "column": 32
        },
        "end": {
          "line": 89,
          "column": 115
        }
      },
      "21": {
        "start": {
          "line": 90,
          "column": 6
        },
        "end": {
          "line": 91,
          "column": 54
        }
      },
      "22": {
        "start": {
          "line": 91,
          "column": 8
        },
        "end": {
          "line": 91,
          "column": 54
        }
      }
    },
    "fnMap": {
      "0": {
        "name": "(anonymous_0)",
        "decl": {
          "start": {
            "line": 11,
            "column": 24
          },
          "end": {
            "line": 11,
            "column": 25
          }
        },
        "loc": {
          "start": {
            "line": 11,
            "column": 38
          },
          "end": {
            "line": 13,
            "column": 3
          }
        },
        "line": 11
      },
      "1": {
        "name": "(anonymous_1)",
        "decl": {
          "start": {
            "line": 23,
            "column": 19
          },
          "end": {
            "line": 23,
            "column": 20
          }
        },
        "loc": {
          "start": {
            "line": 23,
            "column": 25
          },
          "end": {
            "line": 74,
            "column": 1
          }
        },
        "line": 23
      },
      "2": {
        "name": "(anonymous_2)",
        "decl": {
          "start": {
            "line": 84,
            "column": 9
          },
          "end": {
            "line": 84,
            "column": 10
          }
        },
        "loc": {
          "start": {
            "line": 84,
            "column": 29
          },
          "end": {
            "line": 93,
            "column": 3
          }
        },
        "line": 84
      },
      "3": {
        "name": "(anonymous_3)",
        "decl": {
          "start": {
            "line": 86,
            "column": 27
          },
          "end": {
            "line": 86,
            "column": 28
          }
        },
        "loc": {
          "start": {
            "line": 86,
            "column": 44
          },
          "end": {
            "line": 92,
            "column": 5
          }
        },
        "line": 86
      }
    },
    "branchMap": {
      "0": {
        "loc": {
          "start": {
            "line": 5,
            "column": 0
          },
          "end": {
            "line": 15,
            "column": 1
          }
        },
        "type": "if",
        "locations": [
          {
            "start": {
              "line": 5,
              "column": 0
            },
            "end": {
              "line": 15,
              "column": 1
            }
          },
          {
            "start": {},
            "end": {}
          }
        ],
        "line": 5
      },
      "1": {
        "loc": {
          "start": {
            "line": 6,
            "column": 2
          },
          "end": {
            "line": 8,
            "column": 3
          }
        },
        "type": "if",
        "locations": [
          {
            "start": {
              "line": 6,
              "column": 2
            },
            "end": {
              "line": 8,
              "column": 3
            }
          },
          {
            "start": {},
            "end": {}
          }
        ],
        "line": 6
      },
      "2": {
        "loc": {
          "start": {
            "line": 78,
            "column": 0
          },
          "end": {
            "line": 94,
            "column": 1
          }
        },
        "type": "if",
        "locations": [
          {
            "start": {
              "line": 78,
              "column": 0
            },
            "end": {
              "line": 94,
              "column": 1
            }
          },
          {
            "start": {},
            "end": {}
          }
        ],
        "line": 78
      },
      "3": {
        "loc": {
          "start": {
            "line": 87,
            "column": 6
          },
          "end": {
            "line": 88,
            "column": 15
          }
        },
        "type": "if",
        "locations": [
          {
            "start": {
              "line": 87,
              "column": 6
            },
            "end": {
              "line": 88,
              "column": 15
            }
          },
          {
            "start": {},
            "end": {}
          }
        ],
        "line": 87
      },
      "4": {
        "loc": {
          "start": {
            "line": 90,
            "column": 6
          },
          "end": {
            "line": 91,
            "column": 54
          }
        },
        "type": "if",
        "locations": [
          {
            "start": {
              "line": 90,
              "column": 6
            },
            "end": {
              "line": 91,
              "column": 54
            }
          },
          {
            "start": {},
            "end": {}
          }
        ],
        "line": 90
      }
    },
    "s": {
      "0": 42,
      "1": 42,
      "2": 0,
      "3": 42,
      "4": 42,
      "5": 42,
      "6": 42,
      "7": 42,
      "8": 42,
      "9": 42,
      "10": 42,
      "11": 42,
      "12": 42,
      "13": 42,
      "14": 42,
      "15": 42,
      "16": 42,
      "17": 42,
      "18": 0,
      "19": 0,
      "20": 0,
      "21": 0,
      "22": 0
    },
    "f": {
      "0": 42,
      "1": 42,
      "2": 42,
      "3": 0
    },
    "b": {
      "0": [
        42,
        0
      ],
      "1": [
        0,
        42
      ],
      "2": [
        42,
        0
      ],
      "3": [
        0,
        0
      ],
      "4": [
        0,
        0
      ]
    },
    "inputSourceMap": {
      "version": 3,
      "mappings": "AAY+B;AAZ/B,2BAAsB;AAAQ,IAAkB;AAAA;AAAA;AAAA;AAAA;AAAA;AAAA;AAAA;AAAA;AAAA;AAAA;AAAA;AAAA;AAAA;AAChD,SAASA,aAAa;AACtB,SAASC,YAAY;AACrB,SAASC,gBAAgB;AACzB,SAASC,cAAc;AACvB,SAASC,YAAY;AAErB,OAAO;AAEA,aAAMC,MAAMA,MAAM;AACvB,SACE,uBAAC,UACC,iCAAC,SAAM,MAAK,KAAI,SAAS,uBAAC,YAAD;AAAA;AAAA;AAAA;AAAA,SAAO,GAC9B;AAAA,2BAAC,SAAM,OAAK,MAAC,SAAS,uBAAC,UAAD;AAAA;AAAA;AAAA;AAAA,WAAK,KAA3B;AAAA;AAAA;AAAA;AAAA,WAA+B;AAAA,IAC/B,uBAAC,SAAM,MAAK,SAAQ,SAAS,uBAAC,WAAD;AAAA;AAAA;AAAA;AAAA,WAAM,KAAnC;AAAA;AAAA;AAAA;AAAA,WAAuC;AAAA,IACvC,uBAAC,SAAM,MAAK,QAAO,SAAS,uBAAC,UAAD;AAAA;AAAA;AAAA;AAAA,WAAK,KAAjC;AAAA;AAAA;AAAA;AAAA,WAAqC;AAAA,IACrC,uBAAC,SAAM,MAAK,KAAI,SAAS,uBAAC,cAAD;AAAA;AAAA;AAAA;AAAA,WAAS,KAAlC;AAAA;AAAA;AAAA;AAAA,WAAsC;AAAA,OAJxC;AAAA;AAAA;AAAA;AAAA,SAKA,KANF;AAAA;AAAA;AAAA;AAAA,SAOA;AAEJ;AAAEC,KAXWD;AAAG;AAAAE",
      "names": [
        "About",
        "Home",
        "NotFound",
        "Layout",
        "Form",
        "App",
        "_c",
        "$RefreshReg$"
      ],
      "sources": [
        "C:/Users/Julia/Desktop/Project/React/src/App.tsx"
      ],
      "file": "C:/Users/Julia/Desktop/Project/React/src/App.tsx"
    },
    "_coverageSchema": "1a1c01bbd47fc00a2c39e90264f33305004495a9",
    "hash": "40b41feed52cec98286530da69872c65c14c8422"
  },
  "C:/Users/Julia/Desktop/Project/React/src/entry-client.tsx": {
    "path": "C:/Users/Julia/Desktop/Project/React/src/entry-client.tsx",
    "statementMap": {
      "0": {
        "start": {
          "line": 7,
          "column": 0
        },
        "end": {
          "line": 19,
          "column": 10
        }
      }
    },
    "fnMap": {},
    "branchMap": {},
    "s": {
      "0": 42
    },
    "f": {},
    "b": {},
    "inputSourceMap": {
      "version": 3,
      "mappings": "AAUM;AAVN,SAASA,mBAAmB;AAC5B,SAASC,qBAAqB;AAC9B,SAASC,gBAAgB;AACzB,SAASC,WAAW;AACpB,OAAOC,WAAW;AAElBJ,YACEK,SAASC,eAAe,MAAM,GAC9B,uBAAC,YAAS,OACR,iCAAC,iBACC,iCAAC,SAAD;AAAA;AAAA;AAAA;AAAA,OAAI,KADN;AAAA;AAAA;AAAA;AAAA,OAEA,KAHF;AAAA;AAAA;AAAA;AAAA,OAIA,CAAW",
      "names": [
        "hydrateRoot",
        "BrowserRouter",
        "Provider",
        "App",
        "store",
        "document",
        "getElementById"
      ],
      "sources": [
        "C:/Users/Julia/Desktop/Project/React/src/entry-client.tsx"
      ],
      "file": "C:/Users/Julia/Desktop/Project/React/src/entry-client.tsx"
    },
    "_coverageSchema": "1a1c01bbd47fc00a2c39e90264f33305004495a9",
    "hash": "ca29a247bf0ddb34e938e87821515703ab92419a"
  },
  "C:/Users/Julia/Desktop/Project/React/src/App.test.tsx": {
    "path": "C:/Users/Julia/Desktop/Project/React/src/App.test.tsx",
    "statementMap": {},
    "fnMap": {},
    "branchMap": {},
    "s": {},
    "f": {},
    "b": {}
  },
  "C:/Users/Julia/Desktop/Project/React/src/entry-server.tsx": {
    "path": "C:/Users/Julia/Desktop/Project/React/src/entry-server.tsx",
    "statementMap": {},
    "fnMap": {},
    "branchMap": {},
    "s": {},
    "f": {},
    "b": {}
  },
  "C:/Users/Julia/Desktop/Project/React/src/components/card/Card.test.tsx": {
    "path": "C:/Users/Julia/Desktop/Project/React/src/components/card/Card.test.tsx",
    "statementMap": {},
    "fnMap": {},
    "branchMap": {},
    "s": {},
    "f": {},
    "b": {}
  },
  "C:/Users/Julia/Desktop/Project/React/src/components/catModal/CatModal.test.tsx": {
    "path": "C:/Users/Julia/Desktop/Project/React/src/components/catModal/CatModal.test.tsx",
    "statementMap": {},
    "fnMap": {},
    "branchMap": {},
    "s": {},
    "f": {},
    "b": {}
  },
  "C:/Users/Julia/Desktop/Project/React/src/components/formData/FormData.test.tsx": {
    "path": "C:/Users/Julia/Desktop/Project/React/src/components/formData/FormData.test.tsx",
    "statementMap": {},
    "fnMap": {},
    "branchMap": {},
    "s": {},
    "f": {},
    "b": {}
  },
  "C:/Users/Julia/Desktop/Project/React/src/components/formValue/FormValue.test.tsx": {
    "path": "C:/Users/Julia/Desktop/Project/React/src/components/formValue/FormValue.test.tsx",
    "statementMap": {},
    "fnMap": {},
    "branchMap": {},
    "s": {},
    "f": {},
    "b": {}
  },
  "C:/Users/Julia/Desktop/Project/React/src/components/header/Header.test.tsx": {
    "path": "C:/Users/Julia/Desktop/Project/React/src/components/header/Header.test.tsx",
    "statementMap": {},
    "fnMap": {},
    "branchMap": {},
    "s": {},
    "f": {},
    "b": {}
  },
  "C:/Users/Julia/Desktop/Project/React/src/components/layout/Layout.test.tsx": {
    "path": "C:/Users/Julia/Desktop/Project/React/src/components/layout/Layout.test.tsx",
    "statementMap": {},
    "fnMap": {},
    "branchMap": {},
    "s": {},
    "f": {},
    "b": {}
  },
  "C:/Users/Julia/Desktop/Project/React/src/components/modal/Modal.test.tsx": {
    "path": "C:/Users/Julia/Desktop/Project/React/src/components/modal/Modal.test.tsx",
    "statementMap": {},
    "fnMap": {},
    "branchMap": {},
    "s": {},
    "f": {},
    "b": {}
  },
  "C:/Users/Julia/Desktop/Project/React/src/components/nav/Nav.test.tsx": {
    "path": "C:/Users/Julia/Desktop/Project/React/src/components/nav/Nav.test.tsx",
    "statementMap": {},
    "fnMap": {},
    "branchMap": {},
    "s": {},
    "f": {},
    "b": {}
  },
  "C:/Users/Julia/Desktop/Project/React/src/components/preloader/Preloader.test.tsx": {
    "path": "C:/Users/Julia/Desktop/Project/React/src/components/preloader/Preloader.test.tsx",
    "statementMap": {},
    "fnMap": {},
    "branchMap": {},
    "s": {},
    "f": {},
    "b": {}
  },
  "C:/Users/Julia/Desktop/Project/React/src/components/search/Search.test.tsx": {
    "path": "C:/Users/Julia/Desktop/Project/React/src/components/search/Search.test.tsx",
    "statementMap": {},
    "fnMap": {},
    "branchMap": {},
    "s": {},
    "f": {},
    "b": {}
  },
  "C:/Users/Julia/Desktop/Project/React/src/pages/about/About.test.tsx": {
    "path": "C:/Users/Julia/Desktop/Project/React/src/pages/about/About.test.tsx",
    "statementMap": {},
    "fnMap": {},
    "branchMap": {},
    "s": {},
    "f": {},
    "b": {}
  },
  "C:/Users/Julia/Desktop/Project/React/src/pages/form/Form.test.tsx": {
    "path": "C:/Users/Julia/Desktop/Project/React/src/pages/form/Form.test.tsx",
    "statementMap": {},
    "fnMap": {},
    "branchMap": {},
    "s": {},
    "f": {},
    "b": {}
  },
  "C:/Users/Julia/Desktop/Project/React/src/pages/home/Home.test.tsx": {
    "path": "C:/Users/Julia/Desktop/Project/React/src/pages/home/Home.test.tsx",
    "statementMap": {},
    "fnMap": {},
    "branchMap": {},
    "s": {},
    "f": {},
    "b": {}
  },
  "C:/Users/Julia/Desktop/Project/React/src/pages/notFound/NotFound.test.tsx": {
    "path": "C:/Users/Julia/Desktop/Project/React/src/pages/notFound/NotFound.test.tsx",
    "statementMap": {},
    "fnMap": {},
    "branchMap": {},
    "s": {},
    "f": {},
    "b": {}
  },
  "C:/Users/Julia/Desktop/Project/React/cypress.config.ts": {
    "path": "C:/Users/Julia/Desktop/Project/React/cypress.config.ts",
    "statementMap": {},
    "fnMap": {},
    "branchMap": {},
    "s": {},
    "f": {},
    "b": {}
  },
  "C:/Users/Julia/Desktop/Project/React/server.ts": {
    "path": "C:/Users/Julia/Desktop/Project/React/server.ts",
    "statementMap": {},
    "fnMap": {},
    "branchMap": {},
    "s": {},
    "f": {},
    "b": {}
  },
  "C:/Users/Julia/Desktop/Project/React/setupTests.ts": {
    "path": "C:/Users/Julia/Desktop/Project/React/setupTests.ts",
    "statementMap": {},
    "fnMap": {},
    "branchMap": {},
    "s": {},
    "f": {},
    "b": {}
  },
  "C:/Users/Julia/Desktop/Project/React/vite.config.ts": {
    "path": "C:/Users/Julia/Desktop/Project/React/vite.config.ts",
    "statementMap": {},
    "fnMap": {},
    "branchMap": {},
    "s": {},
    "f": {},
    "b": {}
  },
  "C:/Users/Julia/Desktop/Project/React/src/vite-env.d.ts": {
    "path": "C:/Users/Julia/Desktop/Project/React/src/vite-env.d.ts",
    "statementMap": {},
    "fnMap": {},
    "branchMap": {},
    "s": {},
    "f": {},
    "b": {}
  },
  "C:/Users/Julia/Desktop/Project/React/src/types/api.interface.ts": {
    "path": "C:/Users/Julia/Desktop/Project/React/src/types/api.interface.ts",
    "statementMap": {},
    "fnMap": {},
    "branchMap": {},
    "s": {},
    "f": {},
    "b": {}
  }
}
