<?xml version="1.0" encoding="UTF-8"?>
<coverage generated="1678552185344" clover="3.2.0">
  <project timestamp="1678552185344" name="All files">
    <metrics statements="30" coveredstatements="26" conditionals="6" coveredconditionals="4" methods="15" coveredmethods="13" elements="51" coveredelements="43" complexity="0" loc="30" ncloc="30" packages="8" files="8" classes="8"/>
    <package name="src">
      <metrics statements="1" coveredstatements="1" conditionals="0" coveredconditionals="0" methods="0" coveredmethods="0"/>
      <file name="dataCards.ts" path="C:\Users\Julia\Desktop\Project\React\src\dataCards.ts">
        <metrics statements="1" coveredstatements="1" conditionals="0" coveredconditionals="0" methods="0" coveredmethods="0"/>
        <line num="3" count="1" type="stmt"/>
      </file>
    </package>
    <package name="src.components.Cards">
      <metrics statements="2" coveredstatements="2" conditionals="0" coveredconditionals="0" methods="2" coveredmethods="2"/>
      <file name="Cards.tsx" path="C:\Users\Julia\Desktop\Project\React\src\components\Cards\Cards.tsx">
        <metrics statements="2" coveredstatements="2" conditionals="0" coveredconditionals="0" methods="2" coveredmethods="2"/>
        <line num="9" count="2" type="stmt"/>
        <line num="12" count="40" type="stmt"/>
      </file>
    </package>
    <package name="src.components.card">
      <metrics statements="8" coveredstatements="8" conditionals="0" coveredconditionals="0" methods="2" coveredmethods="2"/>
      <file name="Card.tsx" path="C:\Users\Julia\Desktop\Project\React\src\components\card\Card.tsx">
        <metrics statements="8" coveredstatements="8" conditionals="0" coveredconditionals="0" methods="2" coveredmethods="2"/>
        <line num="27" count="41" type="stmt"/>
        <line num="28" count="41" type="stmt"/>
        <line num="29" count="41" type="stmt"/>
        <line num="30" count="41" type="stmt"/>
        <line num="31" count="41" type="stmt"/>
        <line num="32" count="41" type="stmt"/>
        <line num="33" count="41" type="stmt"/>
        <line num="42" count="41" type="stmt"/>
      </file>
    </package>
    <package name="src.components.header">
      <metrics statements="3" coveredstatements="3" conditionals="2" coveredconditionals="2" methods="2" coveredmethods="2"/>
      <file name="Header.tsx" path="C:\Users\Julia\Desktop\Project\React\src\components\header\Header.tsx">
        <metrics statements="3" coveredstatements="3" conditionals="2" coveredconditionals="2" methods="2" coveredmethods="2"/>
        <line num="5" count="1" type="stmt"/>
        <line num="6" count="2" type="cond" truecount="2" falsecount="0"/>
        <line num="10" count="1" type="stmt"/>
      </file>
    </package>
    <package name="src.components.search">
      <metrics statements="13" coveredstatements="9" conditionals="4" coveredconditionals="2" methods="6" coveredmethods="4"/>
      <file name="Search.tsx" path="C:\Users\Julia\Desktop\Project\React\src\components\search\Search.tsx">
        <metrics statements="13" coveredstatements="9" conditionals="4" coveredconditionals="2" methods="6" coveredmethods="4"/>
        <line num="12" count="2" type="stmt"/>
        <line num="14" count="2" type="stmt"/>
        <line num="20" count="2" type="stmt"/>
        <line num="24" count="2" type="stmt"/>
        <line num="26" count="2" type="cond" truecount="2" falsecount="0"/>
        <line num="27" count="1" type="stmt"/>
        <line num="31" count="2" type="stmt"/>
        <line num="32" count="0" type="cond" truecount="0" falsecount="2"/>
        <line num="33" count="0" type="stmt"/>
        <line num="40" count="2" type="stmt"/>
        <line num="41" count="0" type="stmt"/>
        <line num="42" count="0" type="stmt"/>
        <line num="48" count="3" type="stmt"/>
      </file>
    </package>
    <package name="src.pages.about">
      <metrics statements="1" coveredstatements="1" conditionals="0" coveredconditionals="0" methods="1" coveredmethods="1"/>
      <file name="About.tsx" path="C:\Users\Julia\Desktop\Project\React\src\pages\about\About.tsx">
        <metrics statements="1" coveredstatements="1" conditionals="0" coveredconditionals="0" methods="1" coveredmethods="1"/>
        <line num="6" count="1" type="stmt"/>
      </file>
    </package>
    <package name="src.pages.home">
      <metrics statements="1" coveredstatements="1" conditionals="0" coveredconditionals="0" methods="1" coveredmethods="1"/>
      <file name="Home.tsx" path="C:\Users\Julia\Desktop\Project\React\src\pages\home\Home.tsx">
        <metrics statements="1" coveredstatements="1" conditionals="0" coveredconditionals="0" methods="1" coveredmethods="1"/>
        <line num="8" count="1" type="stmt"/>
      </file>
    </package>
    <package name="src.pages.notFound">
      <metrics statements="1" coveredstatements="1" conditionals="0" coveredconditionals="0" methods="1" coveredmethods="1"/>
      <file name="NotFound.tsx" path="C:\Users\Julia\Desktop\Project\React\src\pages\notFound\NotFound.tsx">
        <metrics statements="1" coveredstatements="1" conditionals="0" coveredconditionals="0" methods="1" coveredmethods="1"/>
        <line num="7" count="1" type="stmt"/>
      </file>
    </package>
  </project>
</coverage>
