{"C:\\Users\\Julia\\Desktop\\Project\\React\\src\\dataCards.ts": {"path":"C:\\Users\\Julia\\Desktop\\Project\\React\\src\\dataCards.ts","statementMap":{"0":{"start":{"line":3,"column":38},"end":{"line":164,"column":1}}},"fnMap":{},"branchMap":{},"s":{"0":1},"f":{},"b":{},"_coverageSchema":"1a1c01bbd47fc00a2c39e90264f33305004495a9","hash":"17694af7f6446787f413838a1f183254fbbb9740"}
,"C:\\Users\\Julia\\Desktop\\Project\\React\\src\\components\\Cards\\Cards.tsx": {"path":"C:\\Users\\Julia\\Desktop\\Project\\React\\src\\components\\Cards\\Cards.tsx","statementMap":{"0":{"start":{"line":9,"column":4},"end":{"line":24,"column":6}},"1":{"start":{"line":12,"column":10},"end":{"line":21,"column":12}}},"fnMap":{"0":{"name":"(anonymous_0)","decl":{"start":{"line":8,"column":2},"end":{"line":8,"column":3}},"loc":{"start":{"line":8,"column":11},"end":{"line":25,"column":3}},"line":8},"1":{"name":"(anonymous_1)","decl":{"start":{"line":11,"column":23},"end":{"line":11,"column":24}},"loc":{"start":{"line":12,"column":10},"end":{"line":21,"column":12}},"line":12}},"branchMap":{},"s":{"0":2,"1":40},"f":{"0":2,"1":40},"b":{},"_coverageSchema":"1a1c01bbd47fc00a2c39e90264f33305004495a9","hash":"62f76b7e86d165851a53c568d6fa79716197476a"}
,"C:\\Users\\Julia\\Desktop\\Project\\React\\src\\components\\card\\Card.tsx": {"path":"C:\\Users\\Julia\\Desktop\\Project\\React\\src\\components\\card\\Card.tsx","statementMap":{"0":{"start":{"line":27,"column":4},"end":{"line":27,"column":17}},"1":{"start":{"line":28,"column":4},"end":{"line":28,"column":23}},"2":{"start":{"line":29,"column":4},"end":{"line":29,"column":25}},"3":{"start":{"line":30,"column":4},"end":{"line":30,"column":29}},"4":{"start":{"line":31,"column":4},"end":{"line":31,"column":31}},"5":{"start":{"line":32,"column":4},"end":{"line":32,"column":29}},"6":{"start":{"line":33,"column":4},"end":{"line":33,"column":27}},"7":{"start":{"line":42,"column":4},"end":{"line":66,"column":6}}},"fnMap":{"0":{"name":"(anonymous_0)","decl":{"start":{"line":26,"column":2},"end":{"line":26,"column":3}},"loc":{"start":{"line":26,"column":32},"end":{"line":34,"column":3}},"line":26},"1":{"name":"(anonymous_1)","decl":{"start":{"line":41,"column":2},"end":{"line":41,"column":3}},"loc":{"start":{"line":41,"column":11},"end":{"line":67,"column":3}},"line":41}},"branchMap":{},"s":{"0":41,"1":41,"2":41,"3":41,"4":41,"5":41,"6":41,"7":41},"f":{"0":41,"1":41},"b":{},"_coverageSchema":"1a1c01bbd47fc00a2c39e90264f33305004495a9","hash":"3420006865d01ded8790cf655f421497f116cdb5"}
,"C:\\Users\\Julia\\Desktop\\Project\\React\\src\\components\\header\\Header.tsx": {"path":"C:\\Users\\Julia\\Desktop\\Project\\React\\src\\components\\header\\Header.tsx","statementMap":{"0":{"start":{"line":5,"column":18},"end":{"line":6,"column":58}},"1":{"start":{"line":6,"column":2},"end":{"line":6,"column":58}},"2":{"start":{"line":10,"column":4},"end":{"line":27,"column":6}}},"fnMap":{"0":{"name":"(anonymous_0)","decl":{"start":{"line":5,"column":18},"end":{"line":5,"column":19}},"loc":{"start":{"line":6,"column":2},"end":{"line":6,"column":58}},"line":6},"1":{"name":"(anonymous_1)","decl":{"start":{"line":9,"column":2},"end":{"line":9,"column":3}},"loc":{"start":{"line":9,"column":11},"end":{"line":28,"column":3}},"line":9}},"branchMap":{"0":{"loc":{"start":{"line":6,"column":2},"end":{"line":6,"column":58}},"type":"cond-expr","locations":[{"start":{"line":6,"column":13},"end":{"line":6,"column":40}},{"start":{"line":6,"column":43},"end":{"line":6,"column":58}}],"line":6}},"s":{"0":1,"1":2,"2":1},"f":{"0":2,"1":1},"b":{"0":[1,1]},"_coverageSchema":"1a1c01bbd47fc00a2c39e90264f33305004495a9","hash":"d3bb077fecde666e6e438bd5b90223703a424e26"}
,"C:\\Users\\Julia\\Desktop\\Project\\React\\src\\components\\search\\Search.tsx": {"path":"C:\\Users\\Julia\\Desktop\\Project\\React\\src\\components\\search\\Search.tsx","statementMap":{"0":{"start":{"line":12,"column":4},"end":{"line":12,"column":17}},"1":{"start":{"line":14,"column":4},"end":{"line":16,"column":6}},"2":{"start":{"line":20,"column":4},"end":{"line":20,"column":63}},"3":{"start":{"line":24,"column":21},"end":{"line":24,"column":51}},"4":{"start":{"line":26,"column":4},"end":{"line":28,"column":5}},"5":{"start":{"line":27,"column":6},"end":{"line":27,"column":42}},"6":{"start":{"line":31,"column":17},"end":{"line":38,"column":3}},"7":{"start":{"line":32,"column":4},"end":{"line":36,"column":5}},"8":{"start":{"line":33,"column":6},"end":{"line":35,"column":9}},"9":{"start":{"line":40,"column":16},"end":{"line":45,"column":3}},"10":{"start":{"line":41,"column":4},"end":{"line":41,"column":25}},"11":{"start":{"line":42,"column":4},"end":{"line":44,"column":7}},"12":{"start":{"line":48,"column":4},"end":{"line":62,"column":6}}},"fnMap":{"0":{"name":"(anonymous_0)","decl":{"start":{"line":11,"column":2},"end":{"line":11,"column":3}},"loc":{"start":{"line":11,"column":34},"end":{"line":17,"column":3}},"line":11},"1":{"name":"(anonymous_1)","decl":{"start":{"line":19,"column":2},"end":{"line":19,"column":3}},"loc":{"start":{"line":19,"column":25},"end":{"line":21,"column":3}},"line":19},"2":{"name":"(anonymous_2)","decl":{"start":{"line":23,"column":2},"end":{"line":23,"column":3}},"loc":{"start":{"line":23,"column":22},"end":{"line":29,"column":3}},"line":23},"3":{"name":"(anonymous_3)","decl":{"start":{"line":31,"column":17},"end":{"line":31,"column":18}},"loc":{"start":{"line":31,"column":59},"end":{"line":38,"column":3}},"line":31},"4":{"name":"(anonymous_4)","decl":{"start":{"line":40,"column":16},"end":{"line":40,"column":17}},"loc":{"start":{"line":40,"column":64},"end":{"line":45,"column":3}},"line":40},"5":{"name":"(anonymous_5)","decl":{"start":{"line":47,"column":2},"end":{"line":47,"column":3}},"loc":{"start":{"line":47,"column":11},"end":{"line":63,"column":3}},"line":47}},"branchMap":{"0":{"loc":{"start":{"line":26,"column":4},"end":{"line":28,"column":5}},"type":"if","locations":[{"start":{"line":26,"column":4},"end":{"line":28,"column":5}},{"start":{},"end":{}}],"line":26},"1":{"loc":{"start":{"line":32,"column":4},"end":{"line":36,"column":5}},"type":"if","locations":[{"start":{"line":32,"column":4},"end":{"line":36,"column":5}},{"start":{},"end":{}}],"line":32}},"s":{"0":2,"1":2,"2":2,"3":2,"4":2,"5":1,"6":2,"7":0,"8":0,"9":2,"10":0,"11":0,"12":3},"f":{"0":2,"1":2,"2":2,"3":0,"4":0,"5":3},"b":{"0":[1,1],"1":[0,0]},"_coverageSchema":"1a1c01bbd47fc00a2c39e90264f33305004495a9","hash":"9d4828eaf9123012ec0ac242cff4e9cc9281f751"}
,"C:\\Users\\Julia\\Desktop\\Project\\React\\src\\pages\\about\\About.tsx": {"path":"C:\\Users\\Julia\\Desktop\\Project\\React\\src\\pages\\about\\About.tsx","statementMap":{"0":{"start":{"line":6,"column":4},"end":{"line":6,"column":52}}},"fnMap":{"0":{"name":"(anonymous_0)","decl":{"start":{"line":5,"column":2},"end":{"line":5,"column":3}},"loc":{"start":{"line":5,"column":11},"end":{"line":7,"column":3}},"line":5}},"branchMap":{},"s":{"0":1},"f":{"0":1},"b":{},"_coverageSchema":"1a1c01bbd47fc00a2c39e90264f33305004495a9","hash":"111a033f73985bfae864af3c86ea7b305a70a439"}
,"C:\\Users\\Julia\\Desktop\\Project\\React\\src\\pages\\home\\Home.tsx": {"path":"C:\\Users\\Julia\\Desktop\\Project\\React\\src\\pages\\home\\Home.tsx","statementMap":{"0":{"start":{"line":8,"column":4},"end":{"line":15,"column":6}}},"fnMap":{"0":{"name":"(anonymous_0)","decl":{"start":{"line":7,"column":2},"end":{"line":7,"column":3}},"loc":{"start":{"line":7,"column":11},"end":{"line":16,"column":3}},"line":7}},"branchMap":{},"s":{"0":1},"f":{"0":1},"b":{},"_coverageSchema":"1a1c01bbd47fc00a2c39e90264f33305004495a9","hash":"9a41c6eeeacea4a62b686d5510a1ef7b0c361f5e"}
,"C:\\Users\\Julia\\Desktop\\Project\\React\\src\\pages\\notFound\\NotFound.tsx": {"path":"C:\\Users\\Julia\\Desktop\\Project\\React\\src\\pages\\notFound\\NotFound.tsx","statementMap":{"0":{"start":{"line":7,"column":4},"end":{"line":14,"column":6}}},"fnMap":{"0":{"name":"(anonymous_0)","decl":{"start":{"line":6,"column":2},"end":{"line":6,"column":3}},"loc":{"start":{"line":6,"column":11},"end":{"line":15,"column":3}},"line":6}},"branchMap":{},"s":{"0":1},"f":{"0":1},"b":{},"_coverageSchema":"1a1c01bbd47fc00a2c39e90264f33305004495a9","hash":"34c8dda3df4e65d92f6cc2947391867607386e77"}
}
