TN:
SF:src\dataCards.ts
FNF:0
FNH:0
DA:3,1
LF:1
LH:1
BRF:0
BRH:0
end_of_record
TN:
SF:src\components\Cards\Cards.tsx
FN:8,(anonymous_0)
FN:11,(anonymous_1)
FNF:2
FNH:2
FNDA:2,(anonymous_0)
FNDA:40,(anonymous_1)
DA:9,2
DA:12,40
LF:2
LH:2
BRF:0
BRH:0
end_of_record
TN:
SF:src\components\card\Card.tsx
FN:26,(anonymous_0)
FN:41,(anonymous_1)
FNF:2
FNH:2
FNDA:41,(anonymous_0)
FNDA:41,(anonymous_1)
DA:27,41
DA:28,41
DA:29,41
DA:30,41
DA:31,41
DA:32,41
DA:33,41
DA:42,41
LF:8
LH:8
BRF:0
BRH:0
end_of_record
TN:
SF:src\components\header\Header.tsx
FN:5,(anonymous_0)
FN:9,(anonymous_1)
FNF:2
FNH:2
FNDA:2,(anonymous_0)
FNDA:1,(anonymous_1)
DA:5,1
DA:6,2
DA:10,1
LF:3
LH:3
BRDA:6,0,0,1
BRDA:6,0,1,1
BRF:2
BRH:2
end_of_record
TN:
SF:src\components\search\Search.tsx
FN:11,(anonymous_0)
FN:19,(anonymous_1)
FN:23,(anonymous_2)
FN:31,(anonymous_3)
FN:40,(anonymous_4)
FN:47,(anonymous_5)
FNF:6
FNH:4
FNDA:2,(anonymous_0)
FNDA:2,(anonymous_1)
FNDA:2,(anonymous_2)
FNDA:0,(anonymous_3)
FNDA:0,(anonymous_4)
FNDA:3,(anonymous_5)
DA:12,2
DA:14,2
DA:20,2
DA:24,2
DA:26,2
DA:27,1
DA:31,2
DA:32,0
DA:33,0
DA:40,2
DA:41,0
DA:42,0
DA:48,3
LF:13
LH:9
BRDA:26,0,0,1
BRDA:26,0,1,1
BRDA:32,1,0,0
BRDA:32,1,1,0
BRF:4
BRH:2
end_of_record
TN:
SF:src\pages\about\About.tsx
FN:5,(anonymous_0)
FNF:1
FNH:1
FNDA:1,(anonymous_0)
DA:6,1
LF:1
LH:1
BRF:0
BRH:0
end_of_record
TN:
SF:src\pages\home\Home.tsx
FN:7,(anonymous_0)
FNF:1
FNH:1
FNDA:1,(anonymous_0)
DA:8,1
LF:1
LH:1
BRF:0
BRH:0
end_of_record
TN:
SF:src\pages\notFound\NotFound.tsx
FN:6,(anonymous_0)
FNF:1
FNH:1
FNDA:1,(anonymous_0)
DA:7,1
LF:1
LH:1
BRF:0
BRH:0
end_of_record
